2022-09-16 09:53:15,801 INFO  [org.jboss.modules] (main) JBoss Modules version 2.0.2.Final
2022-09-16 09:53:16,014 INFO  [org.jboss.msc] (main) JBoss MSC version 1.4.13.Final
2022-09-16 09:53:16,017 INFO  [org.jboss.threads] (main) JBoss Threads version 2.4.0.Final
2022-09-16 09:53:16,063 INFO  [org.jboss.as] (MSC service thread 1-2) WFLYSRV0049: WildFly Full 26.1.2.Final (WildFly Core 18.1.2.Final) starting
2022-09-16 09:53:16,063 DEBUG [org.jboss.as.config] (MSC service thread 1-2) Configured system properties:
	[Standalone] = 
	file.encoding = UTF-8
	file.separator = /
	java.awt.headless = true
	java.class.path = /home/takima/IdeaProjects/MOTM/wildfly-26.1.2.Final/jboss-modules.jar
	java.class.version = 62.0
	java.home = /usr/lib/jvm/java-18-openjdk-amd64
	java.io.tmpdir = /tmp
	java.library.path = /usr/java/packages/lib:/usr/lib/x86_64-linux-gnu/jni:/lib/x86_64-linux-gnu:/usr/lib/x86_64-linux-gnu:/usr/lib/jni:/lib:/usr/lib
	java.net.preferIPv4Stack = true
	java.runtime.name = OpenJDK Runtime Environment
	java.runtime.version = 18.0.2-ea+9-Ubuntu-222.04
	java.security.manager = allow
	java.specification.name = Java Platform API Specification
	java.specification.vendor = Oracle Corporation
	java.specification.version = 18
	java.util.logging.manager = org.jboss.logmanager.LogManager
	java.vendor = Private Build
	java.vendor.url = Unknown
	java.vendor.url.bug = Unknown
	java.version = 18.0.2-ea
	java.version.date = 2022-07-19
	java.vm.compressedOopsMode = 32-bit
	java.vm.info = mixed mode, sharing
	java.vm.name = OpenJDK 64-Bit Server VM
	java.vm.specification.name = Java Virtual Machine Specification
	java.vm.specification.vendor = Oracle Corporation
	java.vm.specification.version = 18
	java.vm.vendor = Private Build
	java.vm.version = 18.0.2-ea+9-Ubuntu-222.04
	javax.management.builder.initial = org.jboss.as.jmx.PluggableMBeanServerBuilder
	jboss.home.dir = /home/takima/IdeaProjects/MOTM/wildfly-26.1.2.Final
	jboss.host.name = laptop-3044
	jboss.modules.dir = /home/takima/IdeaProjects/MOTM/wildfly-26.1.2.Final/modules
	jboss.modules.system.pkgs = org.jboss.byteman
	jboss.node.name = laptop-3044
	jboss.qualified.host.name = laptop-3044
	jboss.server.base.dir = /home/takima/IdeaProjects/MOTM/wildfly-26.1.2.Final/standalone
	jboss.server.config.dir = /home/takima/IdeaProjects/MOTM/wildfly-26.1.2.Final/standalone/configuration
	jboss.server.data.dir = /home/takima/IdeaProjects/MOTM/wildfly-26.1.2.Final/standalone/data
	jboss.server.deploy.dir = /home/takima/IdeaProjects/MOTM/wildfly-26.1.2.Final/standalone/data/content
	jboss.server.log.dir = /home/takima/IdeaProjects/MOTM/wildfly-26.1.2.Final/standalone/log
	jboss.server.name = laptop-3044
	jboss.server.persist.config = true
	jboss.server.temp.dir = /home/takima/IdeaProjects/MOTM/wildfly-26.1.2.Final/standalone/tmp
	jdk.debug = release
	line.separator = 

	logging.configuration = file:/home/takima/IdeaProjects/MOTM/wildfly-26.1.2.Final/standalone/configuration/logging.properties
	module.path = /home/takima/IdeaProjects/MOTM/wildfly-26.1.2.Final/modules
	native.encoding = UTF-8
	org.jboss.boot.log.file = /home/takima/IdeaProjects/MOTM/wildfly-26.1.2.Final/standalone/log/server.log
	org.jboss.resolver.warning = true
	os.arch = amd64
	os.name = Linux
	os.version = 5.15.0-47-generic
	path.separator = :
	sun.arch.data.model = 64
	sun.boot.library.path = /usr/lib/jvm/java-18-openjdk-amd64/lib
	sun.cpu.endian = little
	sun.io.unicode.encoding = UnicodeLittle
	sun.java.command = /home/takima/IdeaProjects/MOTM/wildfly-26.1.2.Final/jboss-modules.jar -mp /home/takima/IdeaProjects/MOTM/wildfly-26.1.2.Final/modules org.jboss.as.standalone -Djboss.home.dir=/home/takima/IdeaProjects/MOTM/wildfly-26.1.2.Final -Djboss.server.base.dir=/home/takima/IdeaProjects/MOTM/wildfly-26.1.2.Final/standalone
	sun.java.launcher = SUN_STANDARD
	sun.jnu.encoding = UTF-8
	sun.management.compiler = HotSpot 64-Bit Tiered Compilers
	sun.stderr.encoding = UTF-8
	sun.stdout.encoding = UTF-8
	user.country = FR
	user.dir = /home/takima/IdeaProjects/MOTM
	user.home = /home/takima
	user.language = fr
	user.name = takima
	user.timezone = Europe/Paris
2022-09-16 09:53:16,064 DEBUG [org.jboss.as.config] (MSC service thread 1-2) VM Arguments: -D[Standalone] -Xms64m -Xmx512m -XX:MetaspaceSize=96M -XX:MaxMetaspaceSize=256m -Djava.net.preferIPv4Stack=true -Djboss.modules.system.pkgs=org.jboss.byteman -Djava.awt.headless=true --add-exports=java.desktop/sun.awt=ALL-UNNAMED --add-exports=java.naming/com.sun.jndi.ldap=ALL-UNNAMED --add-exports=java.naming/com.sun.jndi.url.ldap=ALL-UNNAMED --add-exports=java.naming/com.sun.jndi.url.ldaps=ALL-UNNAMED --add-opens=java.base/java.lang=ALL-UNNAMED --add-opens=java.base/java.lang.invoke=ALL-UNNAMED --add-opens=java.base/java.lang.reflect=ALL-UNNAMED --add-opens=java.base/java.io=ALL-UNNAMED --add-opens=java.base/java.security=ALL-UNNAMED --add-opens=java.base/java.util=ALL-UNNAMED --add-opens=java.base/java.util.concurrent=ALL-UNNAMED --add-opens=java.management/javax.management=ALL-UNNAMED --add-opens=java.naming/javax.naming=ALL-UNNAMED -Djava.security.manager=allow -Dorg.jboss.boot.log.file=/home/takima/IdeaProjects/MOTM/wildfly-26.1.2.Final/standalone/log/server.log -Dlogging.configuration=file:/home/takima/IdeaProjects/MOTM/wildfly-26.1.2.Final/standalone/configuration/logging.properties 
2022-09-16 09:53:16,327 INFO  [org.wildfly.security] (ServerService Thread Pool -- 27) ELY00001: WildFly Elytron version 1.19.1.Final
2022-09-16 09:53:16,628 INFO  [org.jboss.as.repository] (ServerService Thread Pool -- 18) WFLYDR0001: Content added at location /home/takima/IdeaProjects/MOTM/wildfly-26.1.2.Final/standalone/data/content/58/53eaf1fdfe3a1d6e3c80e018c2d6c7ac5089f2/content
2022-09-16 09:53:16,646 INFO  [org.jboss.as.server] (Controller Boot Thread) WFLYSRV0039: Creating http management service using socket-binding (management-http)
2022-09-16 09:53:16,654 INFO  [org.xnio] (MSC service thread 1-1) XNIO version 3.8.7.Final
2022-09-16 09:53:16,659 INFO  [org.xnio.nio] (MSC service thread 1-1) XNIO NIO Implementation Version 3.8.7.Final
2022-09-16 09:53:16,664 INFO  [org.wildfly.extension.elytron.oidc._private] (ServerService Thread Pool -- 52) WFLYOIDC0001: Activating WildFly Elytron OIDC Subsystem
2022-09-16 09:53:16,664 INFO  [org.jboss.as.jaxrs] (ServerService Thread Pool -- 56) WFLYRS0016: RESTEasy version 4.7.7.Final
2022-09-16 09:53:16,668 INFO  [org.jboss.as.clustering.infinispan] (ServerService Thread Pool -- 54) WFLYCLINF0001: Activating Infinispan subsystem.
2022-09-16 09:53:16,668 WARN  [org.jboss.as.txn] (ServerService Thread Pool -- 74) WFLYTX0013: The node-identifier attribute on the /subsystem=transactions is set to the default value. This is a danger for environments running multiple servers. Please make sure the attribute value is unique.
2022-09-16 09:53:16,669 INFO  [org.wildfly.extension.health] (ServerService Thread Pool -- 53) WFLYHEALTH0001: Activating Base Health Subsystem
2022-09-16 09:53:16,672 INFO  [org.wildfly.extension.microprofile.config.smallrye] (ServerService Thread Pool -- 64) WFLYCONF0001: Activating MicroProfile Config Subsystem
2022-09-16 09:53:16,672 INFO  [org.wildfly.extension.microprofile.jwt.smallrye] (ServerService Thread Pool -- 65) WFLYJWT0001: Activating MicroProfile JWT Subsystem
2022-09-16 09:53:16,675 INFO  [org.jboss.as.naming] (ServerService Thread Pool -- 67) WFLYNAM0001: Activating Naming Subsystem
2022-09-16 09:53:16,677 INFO  [org.wildfly.extension.io] (ServerService Thread Pool -- 55) WFLYIO001: Worker 'default' has auto-configured to 40 IO threads with 320 max task threads based on your 20 available processors
2022-09-16 09:53:16,677 INFO  [org.wildfly.extension.microprofile.opentracing] (ServerService Thread Pool -- 66) WFLYTRACEXT0001: Activating MicroProfile OpenTracing Subsystem
2022-09-16 09:53:16,679 INFO  [org.wildfly.extension.metrics] (ServerService Thread Pool -- 63) WFLYMETRICS0001: Activating Base Metrics Subsystem
2022-09-16 09:53:16,681 INFO  [org.jboss.as.webservices] (ServerService Thread Pool -- 76) WFLYWS0002: Activating WebServices Extension
2022-09-16 09:53:16,683 INFO  [org.jboss.as.jsf] (ServerService Thread Pool -- 61) WFLYJSF0007: Activated the following Jakarta Server Faces Implementations: [main]
2022-09-16 09:53:16,696 INFO  [org.jboss.as.connector] (MSC service thread 1-2) WFLYJCA0009: Starting Jakarta Connectors Subsystem (WildFly/IronJacamar 1.5.3.Final)
2022-09-16 09:53:16,701 INFO  [org.jboss.as.naming] (MSC service thread 1-7) WFLYNAM0003: Starting Naming Service
2022-09-16 09:53:16,702 INFO  [org.jboss.as.mail.extension] (MSC service thread 1-8) WFLYMAIL0001: Bound mail session [java:jboss/mail/Default]
2022-09-16 09:53:16,712 INFO  [org.wildfly.extension.undertow] (MSC service thread 1-6) WFLYUT0003: Undertow 2.2.19.Final starting
2022-09-16 09:53:16,712 INFO  [org.jboss.as.connector.subsystems.datasources] (ServerService Thread Pool -- 44) WFLYJCA0004: Deploying JDBC-compliant driver class org.h2.Driver (version 1.4)
2022-09-16 09:53:16,717 INFO  [org.jboss.as.connector.deployers.jdbc] (MSC service thread 1-7) WFLYJCA0018: Started Driver service with driver-name = h2
2022-09-16 09:53:16,727 WARN  [org.wildfly.extension.elytron] (MSC service thread 1-4) WFLYELY00023: KeyStore file '/home/takima/IdeaProjects/MOTM/wildfly-26.1.2.Final/standalone/configuration/application.keystore' does not exist. Used blank.
2022-09-16 09:53:16,729 INFO  [org.jboss.remoting] (MSC service thread 1-6) JBoss Remoting version 5.0.25.Final
2022-09-16 09:53:16,737 WARN  [org.wildfly.extension.elytron] (MSC service thread 1-7) WFLYELY01084: KeyStore /home/takima/IdeaProjects/MOTM/wildfly-26.1.2.Final/standalone/configuration/application.keystore not found, it will be auto generated on first use with a self-signed certificate for host localhost
2022-09-16 09:53:16,767 INFO  [org.wildfly.extension.undertow] (ServerService Thread Pool -- 75) WFLYUT0014: Creating file handler for path '/home/takima/IdeaProjects/MOTM/wildfly-26.1.2.Final/welcome-content' with options [directory-listing: 'false', follow-symlink: 'false', case-sensitive: 'true', safe-symlink-paths: '[]']
2022-09-16 09:53:16,782 INFO  [org.wildfly.extension.undertow] (MSC service thread 1-5) WFLYUT0012: Started server default-server.
2022-09-16 09:53:16,789 INFO  [org.wildfly.extension.undertow] (MSC service thread 1-7) Queuing requests.
2022-09-16 09:53:16,789 INFO  [org.wildfly.extension.undertow] (ServerService Thread Pool -- 75) WFLYUT0014: Creating file handler for path 'src/main/webapp/resources' with options [directory-listing: 'true', follow-symlink: 'false', case-sensitive: 'true', safe-symlink-paths: '[]']
2022-09-16 09:53:16,791 INFO  [org.wildfly.extension.undertow] (MSC service thread 1-7) WFLYUT0018: Host default-host starting
2022-09-16 09:53:16,809 INFO  [org.jboss.as.ejb3] (MSC service thread 1-6) WFLYEJB0482: Strict pool mdb-strict-max-pool is using a max instance size of 80 (per class), which is derived from the number of CPUs on this host.
2022-09-16 09:53:16,809 INFO  [org.jboss.as.ejb3] (MSC service thread 1-7) WFLYEJB0481: Strict pool slsb-strict-max-pool is using a max instance size of 320 (per class), which is derived from thread worker pool sizing.
2022-09-16 09:53:16,821 INFO  [org.wildfly.extension.undertow] (MSC service thread 1-5) WFLYUT0006: Undertow HTTP listener default listening on 127.0.0.1:8080
2022-09-16 09:53:16,860 INFO  [org.jboss.as.ejb3] (MSC service thread 1-6) WFLYEJB0493: Jakarta Enterprise Beans subsystem suspension complete
2022-09-16 09:53:16,863 INFO  [org.wildfly.extension.undertow] (MSC service thread 1-7) WFLYUT0006: Undertow HTTPS listener https listening on 127.0.0.1:8443
2022-09-16 09:53:16,893 INFO  [org.jboss.as.connector.subsystems.datasources] (MSC service thread 1-2) WFLYJCA0001: Bound data source [java:jboss/datasources/ExampleDS]
2022-09-16 09:53:16,960 INFO  [org.jboss.as.patching] (MSC service thread 1-2) WFLYPAT0050: WildFly Full cumulative patch ID is: base, one-off patches include: none
2022-09-16 09:53:16,961 INFO  [org.jboss.as.server.deployment.scanner] (MSC service thread 1-4) WFLYDS0013: Started FileSystemDeploymentService for directory /home/takima/IdeaProjects/MOTM/wildfly-26.1.2.Final/standalone/deployments
2022-09-16 09:53:16,965 INFO  [org.jboss.as.server.deployment] (MSC service thread 1-6) WFLYSRV0027: Starting deployment of "helloworld.war" (runtime-name: "helloworld.war")
2022-09-16 09:53:17,000 INFO  [org.jboss.ws.common.management] (MSC service thread 1-3) JBWS022052: Starting JBossWS 5.5.0.Final (Apache CXF 3.4.7) 
2022-09-16 09:53:17,426 INFO  [org.infinispan.CONTAINER] (ServerService Thread Pool -- 78) ISPN000128: Infinispan version: Infinispan 'Triskaidekaphobia' 13.0.10.Final
2022-09-16 09:53:17,463 INFO  [org.infinispan.CONTAINER] (ServerService Thread Pool -- 78) ISPN000556: Starting user marshaller 'org.wildfly.clustering.infinispan.spi.marshalling.InfinispanProtoStreamMarshaller'
2022-09-16 09:53:17,591 INFO  [org.infinispan.CONFIG] (MSC service thread 1-6) ISPN000152: Passivation configured without an eviction policy being selected. Only manually evicted entities will be passivated.
2022-09-16 09:53:17,592 INFO  [org.infinispan.CONFIG] (MSC service thread 1-6) ISPN000152: Passivation configured without an eviction policy being selected. Only manually evicted entities will be passivated.
2022-09-16 09:53:17,597 INFO  [org.infinispan.CONTAINER] (ServerService Thread Pool -- 78) ISPN000025: wakeUpInterval is <= 0, not starting expired purge thread
2022-09-16 09:53:17,599 INFO  [org.jboss.as.clustering.infinispan] (ServerService Thread Pool -- 78) WFLYCLINF0002: Started http-remoting-connector cache from ejb container
2022-09-16 09:53:17,635 INFO  [org.wildfly.extension.undertow] (ServerService Thread Pool -- 81) WFLYUT0021: Registered web context: '/helloworld' for server 'default-server'
2022-09-16 09:53:17,659 INFO  [org.jboss.as.server] (ServerService Thread Pool -- 45) WFLYSRV0010: Deployed "helloworld.war" (runtime-name : "helloworld.war")
2022-09-16 09:53:17,674 INFO  [org.jboss.as.server] (Controller Boot Thread) WFLYSRV0212: Resuming server
2022-09-16 09:53:17,675 INFO  [org.jboss.as] (Controller Boot Thread) WFLYSRV0025: WildFly Full 26.1.2.Final (WildFly Core 18.1.2.Final) started in 2015ms - Started 409 of 611 services (342 services are lazy, passive or on-demand) - Server configuration file in use: standalone.xml
2022-09-16 09:53:17,676 INFO  [org.jboss.as] (Controller Boot Thread) WFLYSRV0060: Http management interface listening on http://127.0.0.1:9990/management
2022-09-16 09:53:17,676 INFO  [org.jboss.as] (Controller Boot Thread) WFLYSRV0051: Admin console listening on http://127.0.0.1:9990
2022-09-16 10:03:16,198 INFO  [org.jboss.as.repository] (ServerService Thread Pool -- 1) WFLYDR0009: Content /home/takima/IdeaProjects/MOTM/wildfly-26.1.2.Final/standalone/data/content/6b/74a3fa6e29081b987314a2191401ed0aae36fc is obsolete and will be removed
2022-09-16 10:03:16,201 INFO  [org.jboss.as.repository] (ServerService Thread Pool -- 1) WFLYDR0002: Content removed from location /home/takima/IdeaProjects/MOTM/wildfly-26.1.2.Final/standalone/data/content/6b/74a3fa6e29081b987314a2191401ed0aae36fc/content
2022-09-16 10:03:16,201 INFO  [org.jboss.as.repository] (ServerService Thread Pool -- 1) WFLYDR0009: Content /home/takima/IdeaProjects/MOTM/wildfly-26.1.2.Final/standalone/data/content/43/6e9769af1d457bcb166958853e162fb4810cc5 is obsolete and will be removed
2022-09-16 10:03:16,202 INFO  [org.jboss.as.repository] (ServerService Thread Pool -- 1) WFLYDR0002: Content removed from location /home/takima/IdeaProjects/MOTM/wildfly-26.1.2.Final/standalone/data/content/43/6e9769af1d457bcb166958853e162fb4810cc5/content
2022-09-16 10:03:16,202 INFO  [org.jboss.as.repository] (ServerService Thread Pool -- 1) WFLYDR0009: Content /home/takima/IdeaProjects/MOTM/wildfly-26.1.2.Final/standalone/data/content/de/2297639033062ab20597cfcb6c48653c7af603 is obsolete and will be removed
2022-09-16 10:03:16,202 INFO  [org.jboss.as.repository] (ServerService Thread Pool -- 1) WFLYDR0002: Content removed from location /home/takima/IdeaProjects/MOTM/wildfly-26.1.2.Final/standalone/data/content/de/2297639033062ab20597cfcb6c48653c7af603/content
2022-09-16 10:03:16,202 INFO  [org.jboss.as.repository] (ServerService Thread Pool -- 1) WFLYDR0009: Content /home/takima/IdeaProjects/MOTM/wildfly-26.1.2.Final/standalone/data/content/ac/16217b35e8fdba8fbd9339ade5945e84862cb9 is obsolete and will be removed
2022-09-16 10:03:16,203 INFO  [org.jboss.as.repository] (ServerService Thread Pool -- 1) WFLYDR0002: Content removed from location /home/takima/IdeaProjects/MOTM/wildfly-26.1.2.Final/standalone/data/content/ac/16217b35e8fdba8fbd9339ade5945e84862cb9/content
2022-09-16 10:03:16,203 INFO  [org.jboss.as.repository] (ServerService Thread Pool -- 1) WFLYDR0009: Content /home/takima/IdeaProjects/MOTM/wildfly-26.1.2.Final/standalone/data/content/b3/85697fd7a2f08c20e15fb3a8c4a768ec8ce82e is obsolete and will be removed
2022-09-16 10:03:16,203 INFO  [org.jboss.as.repository] (ServerService Thread Pool -- 1) WFLYDR0002: Content removed from location /home/takima/IdeaProjects/MOTM/wildfly-26.1.2.Final/standalone/data/content/b3/85697fd7a2f08c20e15fb3a8c4a768ec8ce82e/content
2022-09-16 10:03:16,203 INFO  [org.jboss.as.repository] (ServerService Thread Pool -- 1) WFLYDR0009: Content /home/takima/IdeaProjects/MOTM/wildfly-26.1.2.Final/standalone/data/content/31/9f0a1e8a3071832cfb7373ec728183ebad242e is obsolete and will be removed
2022-09-16 10:03:16,203 INFO  [org.jboss.as.repository] (ServerService Thread Pool -- 1) WFLYDR0002: Content removed from location /home/takima/IdeaProjects/MOTM/wildfly-26.1.2.Final/standalone/data/content/31/9f0a1e8a3071832cfb7373ec728183ebad242e/content
2022-09-16 10:03:16,203 INFO  [org.jboss.as.repository] (ServerService Thread Pool -- 1) WFLYDR0009: Content /home/takima/IdeaProjects/MOTM/wildfly-26.1.2.Final/standalone/data/content/70/6bc5d3935ec4d80a943e16d20d666668647606 is obsolete and will be removed
2022-09-16 10:03:16,203 INFO  [org.jboss.as.repository] (ServerService Thread Pool -- 1) WFLYDR0002: Content removed from location /home/takima/IdeaProjects/MOTM/wildfly-26.1.2.Final/standalone/data/content/70/6bc5d3935ec4d80a943e16d20d666668647606/content
2022-09-16 10:03:16,203 INFO  [org.jboss.as.repository] (ServerService Thread Pool -- 1) WFLYDR0009: Content /home/takima/IdeaProjects/MOTM/wildfly-26.1.2.Final/standalone/data/content/fd/ca171efb0b16fdfdb12850f5398b15f9ec61bf is obsolete and will be removed
2022-09-16 10:03:16,203 INFO  [org.jboss.as.repository] (ServerService Thread Pool -- 1) WFLYDR0002: Content removed from location /home/takima/IdeaProjects/MOTM/wildfly-26.1.2.Final/standalone/data/content/fd/ca171efb0b16fdfdb12850f5398b15f9ec61bf/content
2022-09-16 10:13:17,492 INFO  [org.jboss.as.server] (Thread-1) WFLYSRV0272: Suspending server
2022-09-16 10:13:17,494 INFO  [org.jboss.as.ejb3] (Thread-1) WFLYEJB0493: Jakarta Enterprise Beans subsystem suspension complete
2022-09-16 10:13:17,496 INFO  [org.jboss.as.server] (Thread-1) WFLYSRV0220: Server shutdown has been requested via an OS signal
2022-09-16 10:13:17,503 INFO  [org.jboss.as.mail.extension] (MSC service thread 1-7) WFLYMAIL0002: Unbound mail session [java:jboss/mail/Default]
2022-09-16 10:13:17,504 INFO  [org.wildfly.extension.undertow] (ServerService Thread Pool -- 84) WFLYUT0022: Unregistered web context: '/helloworld' from server 'default-server'
2022-09-16 10:13:17,506 INFO  [org.wildfly.extension.undertow] (MSC service thread 1-6) WFLYUT0019: Host default-host stopping
2022-09-16 10:13:17,507 INFO  [org.jboss.as.connector.subsystems.datasources] (MSC service thread 1-7) WFLYJCA0010: Unbound data source [java:jboss/datasources/ExampleDS]
2022-09-16 10:13:17,508 INFO  [org.jboss.as.connector.deployers.jdbc] (MSC service thread 1-8) WFLYJCA0019: Stopped Driver service with driver-name = h2
2022-09-16 10:13:17,513 INFO  [org.jboss.as.clustering.infinispan] (ServerService Thread Pool -- 85) WFLYCLINF0003: Stopped http-remoting-connector cache from ejb container
2022-09-16 10:13:17,535 INFO  [org.wildfly.extension.undertow] (MSC service thread 1-3) WFLYUT0008: Undertow HTTPS listener https suspending
2022-09-16 10:13:17,535 INFO  [org.wildfly.extension.undertow] (MSC service thread 1-7) WFLYUT0008: Undertow HTTP listener default suspending
2022-09-16 10:13:17,536 INFO  [org.wildfly.extension.undertow] (MSC service thread 1-3) WFLYUT0007: Undertow HTTPS listener https stopped, was bound to 127.0.0.1:8443
2022-09-16 10:13:17,536 INFO  [org.wildfly.extension.undertow] (MSC service thread 1-7) WFLYUT0007: Undertow HTTP listener default stopped, was bound to 127.0.0.1:8080
2022-09-16 10:13:17,536 INFO  [org.wildfly.extension.undertow] (MSC service thread 1-4) WFLYUT0004: Undertow 2.2.19.Final stopping
2022-09-16 10:13:17,536 INFO  [org.jboss.as.server.deployment] (MSC service thread 1-3) WFLYSRV0028: Stopped deployment helloworld.war (runtime-name: helloworld.war) in 38ms
2022-09-16 10:13:17,540 INFO  [org.jboss.as] (MSC service thread 1-5) WFLYSRV0050: WildFly Full 26.1.2.Final (WildFly Core 18.1.2.Final) stopped in 41ms
2022-09-16 10:13:20,534 INFO  [org.jboss.modules] (main) JBoss Modules version 2.0.2.Final
2022-09-16 10:13:20,738 INFO  [org.jboss.msc] (main) JBoss MSC version 1.4.13.Final
2022-09-16 10:13:20,741 INFO  [org.jboss.threads] (main) JBoss Threads version 2.4.0.Final
2022-09-16 10:13:20,781 INFO  [org.jboss.as] (MSC service thread 1-2) WFLYSRV0049: WildFly Full 26.1.2.Final (WildFly Core 18.1.2.Final) starting
2022-09-16 10:13:20,782 DEBUG [org.jboss.as.config] (MSC service thread 1-2) Configured system properties:
	[Standalone] = 
	file.encoding = UTF-8
	file.separator = /
	java.awt.headless = true
	java.class.path = /home/takima/IdeaProjects/MOTM/wildfly-26.1.2.Final/jboss-modules.jar
	java.class.version = 62.0
	java.home = /usr/lib/jvm/java-18-openjdk-amd64
	java.io.tmpdir = /tmp
	java.library.path = /usr/java/packages/lib:/usr/lib/x86_64-linux-gnu/jni:/lib/x86_64-linux-gnu:/usr/lib/x86_64-linux-gnu:/usr/lib/jni:/lib:/usr/lib
	java.net.preferIPv4Stack = true
	java.runtime.name = OpenJDK Runtime Environment
	java.runtime.version = 18.0.2-ea+9-Ubuntu-222.04
	java.security.manager = allow
	java.specification.name = Java Platform API Specification
	java.specification.vendor = Oracle Corporation
	java.specification.version = 18
	java.util.logging.manager = org.jboss.logmanager.LogManager
	java.vendor = Private Build
	java.vendor.url = Unknown
	java.vendor.url.bug = Unknown
	java.version = 18.0.2-ea
	java.version.date = 2022-07-19
	java.vm.compressedOopsMode = 32-bit
	java.vm.info = mixed mode, sharing
	java.vm.name = OpenJDK 64-Bit Server VM
	java.vm.specification.name = Java Virtual Machine Specification
	java.vm.specification.vendor = Oracle Corporation
	java.vm.specification.version = 18
	java.vm.vendor = Private Build
	java.vm.version = 18.0.2-ea+9-Ubuntu-222.04
	javax.management.builder.initial = org.jboss.as.jmx.PluggableMBeanServerBuilder
	jboss.home.dir = /home/takima/IdeaProjects/MOTM/wildfly-26.1.2.Final
	jboss.host.name = laptop-3044
	jboss.modules.dir = /home/takima/IdeaProjects/MOTM/wildfly-26.1.2.Final/modules
	jboss.modules.system.pkgs = org.jboss.byteman
	jboss.node.name = laptop-3044
	jboss.qualified.host.name = laptop-3044
	jboss.server.base.dir = /home/takima/IdeaProjects/MOTM/wildfly-26.1.2.Final/standalone
	jboss.server.config.dir = /home/takima/IdeaProjects/MOTM/wildfly-26.1.2.Final/standalone/configuration
	jboss.server.data.dir = /home/takima/IdeaProjects/MOTM/wildfly-26.1.2.Final/standalone/data
	jboss.server.deploy.dir = /home/takima/IdeaProjects/MOTM/wildfly-26.1.2.Final/standalone/data/content
	jboss.server.log.dir = /home/takima/IdeaProjects/MOTM/wildfly-26.1.2.Final/standalone/log
	jboss.server.name = laptop-3044
	jboss.server.persist.config = true
	jboss.server.temp.dir = /home/takima/IdeaProjects/MOTM/wildfly-26.1.2.Final/standalone/tmp
	jdk.debug = release
	line.separator = 

	logging.configuration = file:/home/takima/IdeaProjects/MOTM/wildfly-26.1.2.Final/standalone/configuration/logging.properties
	module.path = /home/takima/IdeaProjects/MOTM/wildfly-26.1.2.Final/modules
	native.encoding = UTF-8
	org.jboss.boot.log.file = /home/takima/IdeaProjects/MOTM/wildfly-26.1.2.Final/standalone/log/server.log
	org.jboss.resolver.warning = true
	os.arch = amd64
	os.name = Linux
	os.version = 5.15.0-47-generic
	path.separator = :
	sun.arch.data.model = 64
	sun.boot.library.path = /usr/lib/jvm/java-18-openjdk-amd64/lib
	sun.cpu.endian = little
	sun.io.unicode.encoding = UnicodeLittle
	sun.java.command = /home/takima/IdeaProjects/MOTM/wildfly-26.1.2.Final/jboss-modules.jar -mp /home/takima/IdeaProjects/MOTM/wildfly-26.1.2.Final/modules org.jboss.as.standalone -Djboss.home.dir=/home/takima/IdeaProjects/MOTM/wildfly-26.1.2.Final -Djboss.server.base.dir=/home/takima/IdeaProjects/MOTM/wildfly-26.1.2.Final/standalone
	sun.java.launcher = SUN_STANDARD
	sun.jnu.encoding = UTF-8
	sun.management.compiler = HotSpot 64-Bit Tiered Compilers
	sun.stderr.encoding = UTF-8
	sun.stdout.encoding = UTF-8
	user.country = FR
	user.dir = /home/takima/IdeaProjects/MOTM
	user.home = /home/takima
	user.language = fr
	user.name = takima
	user.timezone = Europe/Paris
2022-09-16 10:13:20,783 DEBUG [org.jboss.as.config] (MSC service thread 1-2) VM Arguments: -D[Standalone] -Xms64m -Xmx512m -XX:MetaspaceSize=96M -XX:MaxMetaspaceSize=256m -Djava.net.preferIPv4Stack=true -Djboss.modules.system.pkgs=org.jboss.byteman -Djava.awt.headless=true --add-exports=java.desktop/sun.awt=ALL-UNNAMED --add-exports=java.naming/com.sun.jndi.ldap=ALL-UNNAMED --add-exports=java.naming/com.sun.jndi.url.ldap=ALL-UNNAMED --add-exports=java.naming/com.sun.jndi.url.ldaps=ALL-UNNAMED --add-opens=java.base/java.lang=ALL-UNNAMED --add-opens=java.base/java.lang.invoke=ALL-UNNAMED --add-opens=java.base/java.lang.reflect=ALL-UNNAMED --add-opens=java.base/java.io=ALL-UNNAMED --add-opens=java.base/java.security=ALL-UNNAMED --add-opens=java.base/java.util=ALL-UNNAMED --add-opens=java.base/java.util.concurrent=ALL-UNNAMED --add-opens=java.management/javax.management=ALL-UNNAMED --add-opens=java.naming/javax.naming=ALL-UNNAMED -Djava.security.manager=allow -Dorg.jboss.boot.log.file=/home/takima/IdeaProjects/MOTM/wildfly-26.1.2.Final/standalone/log/server.log -Dlogging.configuration=file:/home/takima/IdeaProjects/MOTM/wildfly-26.1.2.Final/standalone/configuration/logging.properties 
2022-09-16 10:13:21,041 INFO  [org.wildfly.security] (ServerService Thread Pool -- 25) ELY00001: WildFly Elytron version 1.19.1.Final
2022-09-16 10:13:21,323 INFO  [org.jboss.as.repository] (ServerService Thread Pool -- 7) WFLYDR0001: Content added at location /home/takima/IdeaProjects/MOTM/wildfly-26.1.2.Final/standalone/data/content/c7/a16f3e045c277004944ae41bdb1ff00cd12719/content
2022-09-16 10:13:21,342 INFO  [org.jboss.as.server] (Controller Boot Thread) WFLYSRV0039: Creating http management service using socket-binding (management-http)
2022-09-16 10:13:21,349 INFO  [org.xnio] (MSC service thread 1-7) XNIO version 3.8.7.Final
2022-09-16 10:13:21,352 INFO  [org.xnio.nio] (MSC service thread 1-7) XNIO NIO Implementation Version 3.8.7.Final
2022-09-16 10:13:21,368 INFO  [org.wildfly.extension.elytron.oidc._private] (ServerService Thread Pool -- 52) WFLYOIDC0001: Activating WildFly Elytron OIDC Subsystem
2022-09-16 10:13:21,369 INFO  [org.jboss.as.clustering.infinispan] (ServerService Thread Pool -- 54) WFLYCLINF0001: Activating Infinispan subsystem.
2022-09-16 10:13:21,369 INFO  [org.jboss.as.jaxrs] (ServerService Thread Pool -- 56) WFLYRS0016: RESTEasy version 4.7.7.Final
2022-09-16 10:13:21,370 INFO  [org.jboss.remoting] (MSC service thread 1-1) JBoss Remoting version 5.0.25.Final
2022-09-16 10:13:21,372 INFO  [org.wildfly.extension.microprofile.config.smallrye] (ServerService Thread Pool -- 64) WFLYCONF0001: Activating MicroProfile Config Subsystem
2022-09-16 10:13:21,372 INFO  [org.wildfly.extension.health] (ServerService Thread Pool -- 53) WFLYHEALTH0001: Activating Base Health Subsystem
2022-09-16 10:13:21,374 WARN  [org.jboss.as.txn] (ServerService Thread Pool -- 74) WFLYTX0013: The node-identifier attribute on the /subsystem=transactions is set to the default value. This is a danger for environments running multiple servers. Please make sure the attribute value is unique.
2022-09-16 10:13:21,374 INFO  [org.wildfly.extension.microprofile.jwt.smallrye] (ServerService Thread Pool -- 65) WFLYJWT0001: Activating MicroProfile JWT Subsystem
2022-09-16 10:13:21,376 INFO  [org.jboss.as.jsf] (ServerService Thread Pool -- 61) WFLYJSF0007: Activated the following Jakarta Server Faces Implementations: [main]
2022-09-16 10:13:21,376 INFO  [org.wildfly.extension.io] (ServerService Thread Pool -- 55) WFLYIO001: Worker 'default' has auto-configured to 40 IO threads with 320 max task threads based on your 20 available processors
2022-09-16 10:13:21,377 INFO  [org.wildfly.extension.microprofile.opentracing] (ServerService Thread Pool -- 66) WFLYTRACEXT0001: Activating MicroProfile OpenTracing Subsystem
2022-09-16 10:13:21,378 INFO  [org.jboss.as.naming] (ServerService Thread Pool -- 67) WFLYNAM0001: Activating Naming Subsystem
2022-09-16 10:13:21,379 INFO  [org.jboss.as.connector] (MSC service thread 1-4) WFLYJCA0009: Starting Jakarta Connectors Subsystem (WildFly/IronJacamar 1.5.3.Final)
2022-09-16 10:13:21,380 INFO  [org.jboss.as.webservices] (ServerService Thread Pool -- 76) WFLYWS0002: Activating WebServices Extension
2022-09-16 10:13:21,385 INFO  [org.wildfly.extension.metrics] (ServerService Thread Pool -- 63) WFLYMETRICS0001: Activating Base Metrics Subsystem
2022-09-16 10:13:21,402 INFO  [org.jboss.as.connector.subsystems.datasources] (ServerService Thread Pool -- 44) WFLYJCA0004: Deploying JDBC-compliant driver class org.h2.Driver (version 1.4)
2022-09-16 10:13:21,404 INFO  [org.jboss.as.connector.deployers.jdbc] (MSC service thread 1-3) WFLYJCA0018: Started Driver service with driver-name = h2
2022-09-16 10:13:21,421 INFO  [org.jboss.as.naming] (MSC service thread 1-3) WFLYNAM0003: Starting Naming Service
2022-09-16 10:13:21,423 INFO  [org.jboss.as.mail.extension] (MSC service thread 1-4) WFLYMAIL0001: Bound mail session [java:jboss/mail/Default]
2022-09-16 10:13:21,425 INFO  [org.wildfly.extension.undertow] (MSC service thread 1-8) WFLYUT0003: Undertow 2.2.19.Final starting
2022-09-16 10:13:21,456 WARN  [org.wildfly.extension.elytron] (MSC service thread 1-7) WFLYELY00023: KeyStore file '/home/takima/IdeaProjects/MOTM/wildfly-26.1.2.Final/standalone/configuration/application.keystore' does not exist. Used blank.
2022-09-16 10:13:21,462 WARN  [org.wildfly.extension.elytron] (MSC service thread 1-4) WFLYELY01084: KeyStore /home/takima/IdeaProjects/MOTM/wildfly-26.1.2.Final/standalone/configuration/application.keystore not found, it will be auto generated on first use with a self-signed certificate for host localhost
2022-09-16 10:13:21,467 INFO  [org.wildfly.extension.undertow] (ServerService Thread Pool -- 75) WFLYUT0014: Creating file handler for path '/home/takima/IdeaProjects/MOTM/wildfly-26.1.2.Final/welcome-content' with options [directory-listing: 'false', follow-symlink: 'false', case-sensitive: 'true', safe-symlink-paths: '[]']
2022-09-16 10:13:21,471 INFO  [org.wildfly.extension.undertow] (MSC service thread 1-4) WFLYUT0012: Started server default-server.
2022-09-16 10:13:21,473 INFO  [org.wildfly.extension.undertow] (ServerService Thread Pool -- 75) WFLYUT0014: Creating file handler for path 'src/main/webapp/resources' with options [directory-listing: 'true', follow-symlink: 'false', case-sensitive: 'true', safe-symlink-paths: '[]']
2022-09-16 10:13:21,473 INFO  [org.wildfly.extension.undertow] (MSC service thread 1-3) Queuing requests.
2022-09-16 10:13:21,473 INFO  [org.wildfly.extension.undertow] (MSC service thread 1-3) WFLYUT0018: Host default-host starting
2022-09-16 10:13:21,475 INFO  [org.jboss.as.ejb3] (MSC service thread 1-1) WFLYEJB0482: Strict pool mdb-strict-max-pool is using a max instance size of 80 (per class), which is derived from the number of CPUs on this host.
2022-09-16 10:13:21,475 INFO  [org.jboss.as.ejb3] (MSC service thread 1-8) WFLYEJB0481: Strict pool slsb-strict-max-pool is using a max instance size of 320 (per class), which is derived from thread worker pool sizing.
2022-09-16 10:13:21,490 INFO  [org.wildfly.extension.undertow] (MSC service thread 1-4) WFLYUT0006: Undertow HTTP listener default listening on 127.0.0.1:8080
2022-09-16 10:13:21,523 INFO  [org.jboss.as.ejb3] (MSC service thread 1-6) WFLYEJB0493: Jakarta Enterprise Beans subsystem suspension complete
2022-09-16 10:13:21,527 INFO  [org.wildfly.extension.undertow] (MSC service thread 1-4) WFLYUT0006: Undertow HTTPS listener https listening on 127.0.0.1:8443
2022-09-16 10:13:21,547 INFO  [org.jboss.as.connector.subsystems.datasources] (MSC service thread 1-3) WFLYJCA0001: Bound data source [java:jboss/datasources/ExampleDS]
2022-09-16 10:13:21,614 INFO  [org.jboss.as.patching] (MSC service thread 1-5) WFLYPAT0050: WildFly Full cumulative patch ID is: base, one-off patches include: none
2022-09-16 10:13:21,614 INFO  [org.jboss.as.server.deployment.scanner] (MSC service thread 1-7) WFLYDS0013: Started FileSystemDeploymentService for directory /home/takima/IdeaProjects/MOTM/wildfly-26.1.2.Final/standalone/deployments
2022-09-16 10:13:21,617 INFO  [org.jboss.as.server.deployment] (MSC service thread 1-8) WFLYSRV0027: Starting deployment of "helloworld.war" (runtime-name: "helloworld.war")
2022-09-16 10:13:21,647 INFO  [org.jboss.ws.common.management] (MSC service thread 1-3) JBWS022052: Starting JBossWS 5.5.0.Final (Apache CXF 3.4.7) 
2022-09-16 10:13:21,953 INFO  [org.infinispan.CONTAINER] (ServerService Thread Pool -- 78) ISPN000128: Infinispan version: Infinispan 'Triskaidekaphobia' 13.0.10.Final
2022-09-16 10:13:21,991 INFO  [org.infinispan.CONTAINER] (ServerService Thread Pool -- 78) ISPN000556: Starting user marshaller 'org.wildfly.clustering.infinispan.spi.marshalling.InfinispanProtoStreamMarshaller'
2022-09-16 10:13:22,116 INFO  [org.infinispan.CONFIG] (MSC service thread 1-7) ISPN000152: Passivation configured without an eviction policy being selected. Only manually evicted entities will be passivated.
2022-09-16 10:13:22,116 INFO  [org.infinispan.CONFIG] (MSC service thread 1-7) ISPN000152: Passivation configured without an eviction policy being selected. Only manually evicted entities will be passivated.
2022-09-16 10:13:22,121 INFO  [org.infinispan.CONTAINER] (ServerService Thread Pool -- 78) ISPN000025: wakeUpInterval is <= 0, not starting expired purge thread
2022-09-16 10:13:22,122 INFO  [org.jboss.as.clustering.infinispan] (ServerService Thread Pool -- 78) WFLYCLINF0002: Started http-remoting-connector cache from ejb container
2022-09-16 10:13:22,155 INFO  [org.wildfly.extension.undertow] (ServerService Thread Pool -- 79) WFLYUT0021: Registered web context: '/helloworld' for server 'default-server'
2022-09-16 10:13:22,177 INFO  [org.jboss.as.server] (ServerService Thread Pool -- 45) WFLYSRV0010: Deployed "helloworld.war" (runtime-name : "helloworld.war")
2022-09-16 10:13:22,203 INFO  [org.jboss.as.server] (Controller Boot Thread) WFLYSRV0212: Resuming server
2022-09-16 10:13:22,204 INFO  [org.jboss.as] (Controller Boot Thread) WFLYSRV0025: WildFly Full 26.1.2.Final (WildFly Core 18.1.2.Final) started in 1828ms - Started 401 of 603 services (342 services are lazy, passive or on-demand) - Server configuration file in use: standalone.xml
2022-09-16 10:13:22,205 INFO  [org.jboss.as] (Controller Boot Thread) WFLYSRV0060: Http management interface listening on http://127.0.0.1:9990/management
2022-09-16 10:13:22,205 INFO  [org.jboss.as] (Controller Boot Thread) WFLYSRV0051: Admin console listening on http://127.0.0.1:9990
2022-09-16 10:13:24,764 ERROR [io.undertow.request] (default task-1) UT005023: Exception handling request to /helloworld/: org.apache.jasper.JasperException: JBWEB004062: Unable to compile class for JSP: 

JBWEB004061: An error occurred at line: 14 in the generated java file
Only a type can be imported. io.takima.welcomepool.HomeService resolves to a package

Stacktrace:
	at io.undertow.jsp@2.0.11.Final//org.apache.jasper.compiler.DefaultErrorHandler.javacError(DefaultErrorHandler.java:95)
	at io.undertow.jsp@2.0.11.Final//org.apache.jasper.compiler.ErrorDispatcher.javacError(ErrorDispatcher.java:198)
	at io.undertow.jsp@2.0.11.Final//org.apache.jasper.compiler.JDTCompiler.generateClass(JDTCompiler.java:455)
	at io.undertow.jsp@2.0.11.Final//org.apache.jasper.compiler.Compiler.compile(Compiler.java:359)
	at io.undertow.jsp@2.0.11.Final//org.apache.jasper.compiler.Compiler.compile(Compiler.java:334)
	at io.undertow.jsp@2.0.11.Final//org.apache.jasper.compiler.Compiler.compile(Compiler.java:321)
	at io.undertow.jsp@2.0.11.Final//org.apache.jasper.JspCompilationContext.compile(JspCompilationContext.java:652)
	at io.undertow.jsp@2.0.11.Final//org.apache.jasper.servlet.JspServletWrapper.service(JspServletWrapper.java:358)
	at io.undertow.jsp@2.0.11.Final//org.apache.jasper.servlet.JspServlet.serviceJspFile(JspServlet.java:403)
	at io.undertow.jsp@2.0.11.Final//org.apache.jasper.servlet.JspServlet.service(JspServlet.java:347)
	at javax.servlet.api@2.0.0.Final//javax.servlet.http.HttpServlet.service(HttpServlet.java:590)
	at io.undertow.servlet@2.2.19.Final//io.undertow.servlet.handlers.ServletHandler.handleRequest(ServletHandler.java:74)
	at io.undertow.servlet@2.2.19.Final//io.undertow.servlet.handlers.security.ServletSecurityRoleHandler.handleRequest(ServletSecurityRoleHandler.java:62)
	at io.undertow.jsp@2.0.11.Final//io.undertow.jsp.JspFileHandler.handleRequest(JspFileHandler.java:32)
	at io.undertow.servlet@2.2.19.Final//io.undertow.servlet.handlers.ServletChain$1.handleRequest(ServletChain.java:68)
	at io.undertow.servlet@2.2.19.Final//io.undertow.servlet.handlers.ServletDispatchingHandler.handleRequest(ServletDispatchingHandler.java:36)
	at org.wildfly.security.elytron-web.undertow-server@1.10.1.Final//org.wildfly.elytron.web.undertow.server.ElytronRunAsHandler.lambda$handleRequest$1(ElytronRunAsHandler.java:68)
	at org.wildfly.security.elytron-base@1.19.1.Final//org.wildfly.security.auth.server.FlexibleIdentityAssociation.runAsFunctionEx(FlexibleIdentityAssociation.java:103)
	at org.wildfly.security.elytron-base@1.19.1.Final//org.wildfly.security.auth.server.Scoped.runAsFunctionEx(Scoped.java:161)
	at org.wildfly.security.elytron-base@1.19.1.Final//org.wildfly.security.auth.server.Scoped.runAs(Scoped.java:73)
	at org.wildfly.security.elytron-web.undertow-server@1.10.1.Final//org.wildfly.elytron.web.undertow.server.ElytronRunAsHandler.handleRequest(ElytronRunAsHandler.java:67)
	at io.undertow.servlet@2.2.19.Final//io.undertow.servlet.handlers.RedirectDirHandler.handleRequest(RedirectDirHandler.java:68)
	at io.undertow.servlet@2.2.19.Final//io.undertow.servlet.handlers.security.SSLInformationAssociationHandler.handleRequest(SSLInformationAssociationHandler.java:117)
	at io.undertow.servlet@2.2.19.Final//io.undertow.servlet.handlers.security.ServletAuthenticationCallHandler.handleRequest(ServletAuthenticationCallHandler.java:57)
	at io.undertow.core@2.2.19.Final//io.undertow.server.handlers.PredicateHandler.handleRequest(PredicateHandler.java:43)
	at io.undertow.core@2.2.19.Final//io.undertow.security.handlers.AbstractConfidentialityHandler.handleRequest(AbstractConfidentialityHandler.java:46)
	at io.undertow.servlet@2.2.19.Final//io.undertow.servlet.handlers.security.ServletConfidentialityConstraintHandler.handleRequest(ServletConfidentialityConstraintHandler.java:64)
	at io.undertow.core@2.2.19.Final//io.undertow.security.handlers.AbstractSecurityContextAssociationHandler.handleRequest(AbstractSecurityContextAssociationHandler.java:43)
	at org.wildfly.security.elytron-web.undertow-server-servlet@1.10.1.Final//org.wildfly.elytron.web.undertow.server.servlet.CleanUpHandler.handleRequest(CleanUpHandler.java:38)
	at io.undertow.core@2.2.19.Final//io.undertow.server.handlers.PredicateHandler.handleRequest(PredicateHandler.java:43)
	at org.wildfly.extension.undertow@26.1.2.Final//org.wildfly.extension.undertow.security.jacc.JACCContextIdHandler.handleRequest(JACCContextIdHandler.java:61)
	at io.undertow.core@2.2.19.Final//io.undertow.server.handlers.PredicateHandler.handleRequest(PredicateHandler.java:43)
	at org.wildfly.extension.undertow@26.1.2.Final//org.wildfly.extension.undertow.deployment.GlobalRequestControllerHandler.handleRequest(GlobalRequestControllerHandler.java:68)
	at io.undertow.servlet@2.2.19.Final//io.undertow.servlet.handlers.SendErrorPageHandler.handleRequest(SendErrorPageHandler.java:52)
	at io.undertow.core@2.2.19.Final//io.undertow.server.handlers.PredicateHandler.handleRequest(PredicateHandler.java:43)
	at io.undertow.servlet@2.2.19.Final//io.undertow.servlet.handlers.ServletInitialHandler.handleFirstRequest(ServletInitialHandler.java:275)
	at io.undertow.servlet@2.2.19.Final//io.undertow.servlet.handlers.ServletInitialHandler.access$100(ServletInitialHandler.java:79)
	at io.undertow.servlet@2.2.19.Final//io.undertow.servlet.handlers.ServletInitialHandler$2.call(ServletInitialHandler.java:134)
	at io.undertow.servlet@2.2.19.Final//io.undertow.servlet.handlers.ServletInitialHandler$2.call(ServletInitialHandler.java:131)
	at io.undertow.servlet@2.2.19.Final//io.undertow.servlet.core.ServletRequestContextThreadSetupAction$1.call(ServletRequestContextThreadSetupAction.java:48)
	at io.undertow.servlet@2.2.19.Final//io.undertow.servlet.core.ContextClassLoaderSetupAction$1.call(ContextClassLoaderSetupAction.java:43)
	at org.wildfly.extension.undertow@26.1.2.Final//org.wildfly.extension.undertow.deployment.UndertowDeploymentInfoService$UndertowThreadSetupAction.lambda$create$0(UndertowDeploymentInfoService.java:1544)
	at org.wildfly.extension.undertow@26.1.2.Final//org.wildfly.extension.undertow.deployment.UndertowDeploymentInfoService$UndertowThreadSetupAction.lambda$create$0(UndertowDeploymentInfoService.java:1544)
	at org.wildfly.extension.undertow@26.1.2.Final//org.wildfly.extension.undertow.deployment.UndertowDeploymentInfoService$UndertowThreadSetupAction.lambda$create$0(UndertowDeploymentInfoService.java:1544)
	at org.wildfly.extension.undertow@26.1.2.Final//org.wildfly.extension.undertow.deployment.UndertowDeploymentInfoService$UndertowThreadSetupAction.lambda$create$0(UndertowDeploymentInfoService.java:1544)
	at io.undertow.servlet@2.2.19.Final//io.undertow.servlet.handlers.ServletInitialHandler.dispatchRequest(ServletInitialHandler.java:255)
	at io.undertow.servlet@2.2.19.Final//io.undertow.servlet.handlers.ServletInitialHandler.access$000(ServletInitialHandler.java:79)
	at io.undertow.servlet@2.2.19.Final//io.undertow.servlet.handlers.ServletInitialHandler$1.handleRequest(ServletInitialHandler.java:100)
	at io.undertow.core@2.2.19.Final//io.undertow.server.Connectors.executeRootHandler(Connectors.java:387)
	at io.undertow.core@2.2.19.Final//io.undertow.server.HttpServerExchange$1.run(HttpServerExchange.java:852)
	at org.jboss.threads@2.4.0.Final//org.jboss.threads.ContextClassLoaderSavingRunnable.run(ContextClassLoaderSavingRunnable.java:35)
	at org.jboss.threads@2.4.0.Final//org.jboss.threads.EnhancedQueueExecutor.safeRun(EnhancedQueueExecutor.java:1990)
	at org.jboss.threads@2.4.0.Final//org.jboss.threads.EnhancedQueueExecutor$ThreadBody.doRunTask(EnhancedQueueExecutor.java:1486)
	at org.jboss.threads@2.4.0.Final//org.jboss.threads.EnhancedQueueExecutor$ThreadBody.run(EnhancedQueueExecutor.java:1348)
	at org.jboss.xnio@3.8.7.Final//org.xnio.XnioWorker$WorkerThreadFactory$1$1.run(XnioWorker.java:1282)
	at java.base/java.lang.Thread.run(Thread.java:833)

2022-09-16 10:15:02,977 INFO  [org.jboss.as.server] (Thread-1) WFLYSRV0272: Suspending server
2022-09-16 10:15:02,978 INFO  [org.jboss.as.ejb3] (Thread-1) WFLYEJB0493: Jakarta Enterprise Beans subsystem suspension complete
2022-09-16 10:15:02,981 INFO  [org.jboss.as.server] (Thread-1) WFLYSRV0220: Server shutdown has been requested via an OS signal
2022-09-16 10:15:02,985 INFO  [org.jboss.as.mail.extension] (MSC service thread 1-1) WFLYMAIL0002: Unbound mail session [java:jboss/mail/Default]
2022-09-16 10:15:02,986 INFO  [org.wildfly.extension.undertow] (ServerService Thread Pool -- 83) WFLYUT0022: Unregistered web context: '/helloworld' from server 'default-server'
2022-09-16 10:15:02,987 INFO  [org.wildfly.extension.undertow] (MSC service thread 1-8) WFLYUT0019: Host default-host stopping
2022-09-16 10:15:02,988 INFO  [org.jboss.as.connector.subsystems.datasources] (MSC service thread 1-4) WFLYJCA0010: Unbound data source [java:jboss/datasources/ExampleDS]
2022-09-16 10:15:02,988 INFO  [org.jboss.as.connector.deployers.jdbc] (MSC service thread 1-4) WFLYJCA0019: Stopped Driver service with driver-name = h2
2022-09-16 10:15:02,993 INFO  [org.jboss.as.clustering.infinispan] (ServerService Thread Pool -- 82) WFLYCLINF0003: Stopped http-remoting-connector cache from ejb container
2022-09-16 10:15:02,997 INFO  [org.wildfly.extension.undertow] (MSC service thread 1-6) WFLYUT0008: Undertow HTTP listener default suspending
2022-09-16 10:15:02,997 INFO  [org.wildfly.extension.undertow] (MSC service thread 1-3) WFLYUT0008: Undertow HTTPS listener https suspending
2022-09-16 10:15:02,997 INFO  [org.wildfly.extension.undertow] (MSC service thread 1-6) WFLYUT0007: Undertow HTTP listener default stopped, was bound to 127.0.0.1:8080
2022-09-16 10:15:02,997 INFO  [org.wildfly.extension.undertow] (MSC service thread 1-3) WFLYUT0007: Undertow HTTPS listener https stopped, was bound to 127.0.0.1:8443
2022-09-16 10:15:02,998 INFO  [org.wildfly.extension.undertow] (MSC service thread 1-6) WFLYUT0004: Undertow 2.2.19.Final stopping
2022-09-16 10:15:02,998 INFO  [org.jboss.as.server.deployment] (MSC service thread 1-7) WFLYSRV0028: Stopped deployment helloworld.war (runtime-name: helloworld.war) in 16ms
2022-09-16 10:15:03,002 INFO  [org.jboss.as] (MSC service thread 1-1) WFLYSRV0050: WildFly Full 26.1.2.Final (WildFly Core 18.1.2.Final) stopped in 18ms
2022-09-16 10:15:06,094 INFO  [org.jboss.modules] (main) JBoss Modules version 2.0.2.Final
2022-09-16 10:15:06,329 INFO  [org.jboss.msc] (main) JBoss MSC version 1.4.13.Final
2022-09-16 10:15:06,332 INFO  [org.jboss.threads] (main) JBoss Threads version 2.4.0.Final
2022-09-16 10:15:06,370 INFO  [org.jboss.as] (MSC service thread 1-2) WFLYSRV0049: WildFly Full 26.1.2.Final (WildFly Core 18.1.2.Final) starting
2022-09-16 10:15:06,371 DEBUG [org.jboss.as.config] (MSC service thread 1-2) Configured system properties:
	[Standalone] = 
	file.encoding = UTF-8
	file.separator = /
	java.awt.headless = true
	java.class.path = /home/takima/IdeaProjects/MOTM/wildfly-26.1.2.Final/jboss-modules.jar
	java.class.version = 62.0
	java.home = /usr/lib/jvm/java-18-openjdk-amd64
	java.io.tmpdir = /tmp
	java.library.path = /usr/java/packages/lib:/usr/lib/x86_64-linux-gnu/jni:/lib/x86_64-linux-gnu:/usr/lib/x86_64-linux-gnu:/usr/lib/jni:/lib:/usr/lib
	java.net.preferIPv4Stack = true
	java.runtime.name = OpenJDK Runtime Environment
	java.runtime.version = 18.0.2-ea+9-Ubuntu-222.04
	java.security.manager = allow
	java.specification.name = Java Platform API Specification
	java.specification.vendor = Oracle Corporation
	java.specification.version = 18
	java.util.logging.manager = org.jboss.logmanager.LogManager
	java.vendor = Private Build
	java.vendor.url = Unknown
	java.vendor.url.bug = Unknown
	java.version = 18.0.2-ea
	java.version.date = 2022-07-19
	java.vm.compressedOopsMode = 32-bit
	java.vm.info = mixed mode, sharing
	java.vm.name = OpenJDK 64-Bit Server VM
	java.vm.specification.name = Java Virtual Machine Specification
	java.vm.specification.vendor = Oracle Corporation
	java.vm.specification.version = 18
	java.vm.vendor = Private Build
	java.vm.version = 18.0.2-ea+9-Ubuntu-222.04
	javax.management.builder.initial = org.jboss.as.jmx.PluggableMBeanServerBuilder
	jboss.home.dir = /home/takima/IdeaProjects/MOTM/wildfly-26.1.2.Final
	jboss.host.name = laptop-3044
	jboss.modules.dir = /home/takima/IdeaProjects/MOTM/wildfly-26.1.2.Final/modules
	jboss.modules.system.pkgs = org.jboss.byteman
	jboss.node.name = laptop-3044
	jboss.qualified.host.name = laptop-3044
	jboss.server.base.dir = /home/takima/IdeaProjects/MOTM/wildfly-26.1.2.Final/standalone
	jboss.server.config.dir = /home/takima/IdeaProjects/MOTM/wildfly-26.1.2.Final/standalone/configuration
	jboss.server.data.dir = /home/takima/IdeaProjects/MOTM/wildfly-26.1.2.Final/standalone/data
	jboss.server.deploy.dir = /home/takima/IdeaProjects/MOTM/wildfly-26.1.2.Final/standalone/data/content
	jboss.server.log.dir = /home/takima/IdeaProjects/MOTM/wildfly-26.1.2.Final/standalone/log
	jboss.server.name = laptop-3044
	jboss.server.persist.config = true
	jboss.server.temp.dir = /home/takima/IdeaProjects/MOTM/wildfly-26.1.2.Final/standalone/tmp
	jdk.debug = release
	line.separator = 

	logging.configuration = file:/home/takima/IdeaProjects/MOTM/wildfly-26.1.2.Final/standalone/configuration/logging.properties
	module.path = /home/takima/IdeaProjects/MOTM/wildfly-26.1.2.Final/modules
	native.encoding = UTF-8
	org.jboss.boot.log.file = /home/takima/IdeaProjects/MOTM/wildfly-26.1.2.Final/standalone/log/server.log
	org.jboss.resolver.warning = true
	os.arch = amd64
	os.name = Linux
	os.version = 5.15.0-47-generic
	path.separator = :
	sun.arch.data.model = 64
	sun.boot.library.path = /usr/lib/jvm/java-18-openjdk-amd64/lib
	sun.cpu.endian = little
	sun.io.unicode.encoding = UnicodeLittle
	sun.java.command = /home/takima/IdeaProjects/MOTM/wildfly-26.1.2.Final/jboss-modules.jar -mp /home/takima/IdeaProjects/MOTM/wildfly-26.1.2.Final/modules org.jboss.as.standalone -Djboss.home.dir=/home/takima/IdeaProjects/MOTM/wildfly-26.1.2.Final -Djboss.server.base.dir=/home/takima/IdeaProjects/MOTM/wildfly-26.1.2.Final/standalone
	sun.java.launcher = SUN_STANDARD
	sun.jnu.encoding = UTF-8
	sun.management.compiler = HotSpot 64-Bit Tiered Compilers
	sun.stderr.encoding = UTF-8
	sun.stdout.encoding = UTF-8
	user.country = FR
	user.dir = /home/takima/IdeaProjects/MOTM
	user.home = /home/takima
	user.language = fr
	user.name = takima
	user.timezone = Europe/Paris
2022-09-16 10:15:06,372 DEBUG [org.jboss.as.config] (MSC service thread 1-2) VM Arguments: -D[Standalone] -Xms64m -Xmx512m -XX:MetaspaceSize=96M -XX:MaxMetaspaceSize=256m -Djava.net.preferIPv4Stack=true -Djboss.modules.system.pkgs=org.jboss.byteman -Djava.awt.headless=true --add-exports=java.desktop/sun.awt=ALL-UNNAMED --add-exports=java.naming/com.sun.jndi.ldap=ALL-UNNAMED --add-exports=java.naming/com.sun.jndi.url.ldap=ALL-UNNAMED --add-exports=java.naming/com.sun.jndi.url.ldaps=ALL-UNNAMED --add-opens=java.base/java.lang=ALL-UNNAMED --add-opens=java.base/java.lang.invoke=ALL-UNNAMED --add-opens=java.base/java.lang.reflect=ALL-UNNAMED --add-opens=java.base/java.io=ALL-UNNAMED --add-opens=java.base/java.security=ALL-UNNAMED --add-opens=java.base/java.util=ALL-UNNAMED --add-opens=java.base/java.util.concurrent=ALL-UNNAMED --add-opens=java.management/javax.management=ALL-UNNAMED --add-opens=java.naming/javax.naming=ALL-UNNAMED -Djava.security.manager=allow -Dorg.jboss.boot.log.file=/home/takima/IdeaProjects/MOTM/wildfly-26.1.2.Final/standalone/log/server.log -Dlogging.configuration=file:/home/takima/IdeaProjects/MOTM/wildfly-26.1.2.Final/standalone/configuration/logging.properties 
2022-09-16 10:15:06,587 INFO  [org.wildfly.security] (ServerService Thread Pool -- 9) ELY00001: WildFly Elytron version 1.19.1.Final
2022-09-16 10:15:06,842 INFO  [org.jboss.as.repository] (ServerService Thread Pool -- 37) WFLYDR0001: Content added at location /home/takima/IdeaProjects/MOTM/wildfly-26.1.2.Final/standalone/data/content/15/2aee6ff41b093057b46b33c9a9a327af8724c8/content
2022-09-16 10:15:06,862 INFO  [org.jboss.as.server] (Controller Boot Thread) WFLYSRV0039: Creating http management service using socket-binding (management-http)
2022-09-16 10:15:06,868 INFO  [org.xnio] (MSC service thread 1-7) XNIO version 3.8.7.Final
2022-09-16 10:15:06,870 INFO  [org.xnio.nio] (MSC service thread 1-7) XNIO NIO Implementation Version 3.8.7.Final
2022-09-16 10:15:06,879 INFO  [org.jboss.as.jaxrs] (ServerService Thread Pool -- 56) WFLYRS0016: RESTEasy version 4.7.7.Final
2022-09-16 10:15:06,880 INFO  [org.wildfly.extension.elytron.oidc._private] (ServerService Thread Pool -- 52) WFLYOIDC0001: Activating WildFly Elytron OIDC Subsystem
2022-09-16 10:15:06,881 INFO  [org.jboss.as.clustering.infinispan] (ServerService Thread Pool -- 54) WFLYCLINF0001: Activating Infinispan subsystem.
2022-09-16 10:15:06,882 INFO  [org.wildfly.extension.io] (ServerService Thread Pool -- 55) WFLYIO001: Worker 'default' has auto-configured to 40 IO threads with 320 max task threads based on your 20 available processors
2022-09-16 10:15:06,882 INFO  [org.wildfly.extension.health] (ServerService Thread Pool -- 53) WFLYHEALTH0001: Activating Base Health Subsystem
2022-09-16 10:15:06,883 INFO  [org.wildfly.extension.microprofile.config.smallrye] (ServerService Thread Pool -- 64) WFLYCONF0001: Activating MicroProfile Config Subsystem
2022-09-16 10:15:06,884 WARN  [org.jboss.as.txn] (ServerService Thread Pool -- 74) WFLYTX0013: The node-identifier attribute on the /subsystem=transactions is set to the default value. This is a danger for environments running multiple servers. Please make sure the attribute value is unique.
2022-09-16 10:15:06,884 INFO  [org.wildfly.extension.microprofile.jwt.smallrye] (ServerService Thread Pool -- 65) WFLYJWT0001: Activating MicroProfile JWT Subsystem
2022-09-16 10:15:06,884 INFO  [org.jboss.as.jsf] (ServerService Thread Pool -- 61) WFLYJSF0007: Activated the following Jakarta Server Faces Implementations: [main]
2022-09-16 10:15:06,889 INFO  [org.wildfly.extension.microprofile.opentracing] (ServerService Thread Pool -- 66) WFLYTRACEXT0001: Activating MicroProfile OpenTracing Subsystem
2022-09-16 10:15:06,889 INFO  [org.jboss.as.webservices] (ServerService Thread Pool -- 76) WFLYWS0002: Activating WebServices Extension
2022-09-16 10:15:06,889 INFO  [org.jboss.as.naming] (ServerService Thread Pool -- 67) WFLYNAM0001: Activating Naming Subsystem
2022-09-16 10:15:06,898 INFO  [org.jboss.as.connector] (MSC service thread 1-7) WFLYJCA0009: Starting Jakarta Connectors Subsystem (WildFly/IronJacamar 1.5.3.Final)
2022-09-16 10:15:06,898 INFO  [org.wildfly.extension.metrics] (ServerService Thread Pool -- 63) WFLYMETRICS0001: Activating Base Metrics Subsystem
2022-09-16 10:15:06,907 INFO  [org.jboss.remoting] (MSC service thread 1-6) JBoss Remoting version 5.0.25.Final
2022-09-16 10:15:06,914 INFO  [org.jboss.as.connector.subsystems.datasources] (ServerService Thread Pool -- 44) WFLYJCA0004: Deploying JDBC-compliant driver class org.h2.Driver (version 1.4)
2022-09-16 10:15:06,916 INFO  [org.jboss.as.connector.deployers.jdbc] (MSC service thread 1-7) WFLYJCA0018: Started Driver service with driver-name = h2
2022-09-16 10:15:06,918 INFO  [org.jboss.as.naming] (MSC service thread 1-3) WFLYNAM0003: Starting Naming Service
2022-09-16 10:15:06,918 INFO  [org.jboss.as.mail.extension] (MSC service thread 1-2) WFLYMAIL0001: Bound mail session [java:jboss/mail/Default]
2022-09-16 10:15:06,926 INFO  [org.wildfly.extension.undertow] (MSC service thread 1-3) WFLYUT0003: Undertow 2.2.19.Final starting
2022-09-16 10:15:06,941 WARN  [org.wildfly.extension.elytron] (MSC service thread 1-8) WFLYELY00023: KeyStore file '/home/takima/IdeaProjects/MOTM/wildfly-26.1.2.Final/standalone/configuration/application.keystore' does not exist. Used blank.
2022-09-16 10:15:06,947 WARN  [org.wildfly.extension.elytron] (MSC service thread 1-1) WFLYELY01084: KeyStore /home/takima/IdeaProjects/MOTM/wildfly-26.1.2.Final/standalone/configuration/application.keystore not found, it will be auto generated on first use with a self-signed certificate for host localhost
2022-09-16 10:15:06,950 INFO  [org.wildfly.extension.undertow] (ServerService Thread Pool -- 75) WFLYUT0014: Creating file handler for path '/home/takima/IdeaProjects/MOTM/wildfly-26.1.2.Final/welcome-content' with options [directory-listing: 'false', follow-symlink: 'false', case-sensitive: 'true', safe-symlink-paths: '[]']
2022-09-16 10:15:06,955 INFO  [org.wildfly.extension.undertow] (MSC service thread 1-6) WFLYUT0012: Started server default-server.
2022-09-16 10:15:06,956 INFO  [org.wildfly.extension.undertow] (MSC service thread 1-6) Queuing requests.
2022-09-16 10:15:06,957 INFO  [org.wildfly.extension.undertow] (ServerService Thread Pool -- 75) WFLYUT0014: Creating file handler for path 'src/main/webapp/resources' with options [directory-listing: 'true', follow-symlink: 'false', case-sensitive: 'true', safe-symlink-paths: '[]']
2022-09-16 10:15:06,957 INFO  [org.wildfly.extension.undertow] (MSC service thread 1-6) WFLYUT0018: Host default-host starting
2022-09-16 10:15:06,968 INFO  [org.jboss.as.ejb3] (MSC service thread 1-5) WFLYEJB0482: Strict pool mdb-strict-max-pool is using a max instance size of 80 (per class), which is derived from the number of CPUs on this host.
2022-09-16 10:15:06,968 INFO  [org.jboss.as.ejb3] (MSC service thread 1-1) WFLYEJB0481: Strict pool slsb-strict-max-pool is using a max instance size of 320 (per class), which is derived from thread worker pool sizing.
2022-09-16 10:15:07,006 INFO  [org.wildfly.extension.undertow] (MSC service thread 1-2) WFLYUT0006: Undertow HTTP listener default listening on 127.0.0.1:8080
2022-09-16 10:15:07,024 INFO  [org.jboss.as.ejb3] (MSC service thread 1-7) WFLYEJB0493: Jakarta Enterprise Beans subsystem suspension complete
2022-09-16 10:15:07,058 INFO  [org.wildfly.extension.undertow] (MSC service thread 1-7) WFLYUT0006: Undertow HTTPS listener https listening on 127.0.0.1:8443
2022-09-16 10:15:07,062 INFO  [org.jboss.as.connector.subsystems.datasources] (MSC service thread 1-2) WFLYJCA0001: Bound data source [java:jboss/datasources/ExampleDS]
2022-09-16 10:15:07,119 INFO  [org.jboss.as.patching] (MSC service thread 1-6) WFLYPAT0050: WildFly Full cumulative patch ID is: base, one-off patches include: none
2022-09-16 10:15:07,123 INFO  [org.jboss.as.server.deployment.scanner] (MSC service thread 1-8) WFLYDS0013: Started FileSystemDeploymentService for directory /home/takima/IdeaProjects/MOTM/wildfly-26.1.2.Final/standalone/deployments
2022-09-16 10:15:07,125 INFO  [org.jboss.as.server.deployment] (MSC service thread 1-2) WFLYSRV0027: Starting deployment of "helloworld.war" (runtime-name: "helloworld.war")
2022-09-16 10:15:07,154 INFO  [org.jboss.ws.common.management] (MSC service thread 1-5) JBWS022052: Starting JBossWS 5.5.0.Final (Apache CXF 3.4.7) 
2022-09-16 10:15:07,478 INFO  [org.infinispan.CONTAINER] (ServerService Thread Pool -- 78) ISPN000128: Infinispan version: Infinispan 'Triskaidekaphobia' 13.0.10.Final
2022-09-16 10:15:07,510 INFO  [org.infinispan.CONTAINER] (ServerService Thread Pool -- 78) ISPN000556: Starting user marshaller 'org.wildfly.clustering.infinispan.spi.marshalling.InfinispanProtoStreamMarshaller'
2022-09-16 10:15:07,635 INFO  [org.infinispan.CONFIG] (MSC service thread 1-7) ISPN000152: Passivation configured without an eviction policy being selected. Only manually evicted entities will be passivated.
2022-09-16 10:15:07,636 INFO  [org.infinispan.CONFIG] (MSC service thread 1-7) ISPN000152: Passivation configured without an eviction policy being selected. Only manually evicted entities will be passivated.
2022-09-16 10:15:07,640 INFO  [org.infinispan.CONTAINER] (ServerService Thread Pool -- 78) ISPN000025: wakeUpInterval is <= 0, not starting expired purge thread
2022-09-16 10:15:07,641 INFO  [org.jboss.as.clustering.infinispan] (ServerService Thread Pool -- 78) WFLYCLINF0002: Started http-remoting-connector cache from ejb container
2022-09-16 10:15:07,673 INFO  [org.wildfly.extension.undertow] (ServerService Thread Pool -- 79) WFLYUT0021: Registered web context: '/helloworld' for server 'default-server'
2022-09-16 10:15:07,708 INFO  [org.jboss.as.server] (ServerService Thread Pool -- 45) WFLYSRV0010: Deployed "helloworld.war" (runtime-name : "helloworld.war")
2022-09-16 10:15:07,739 INFO  [org.jboss.as.server] (Controller Boot Thread) WFLYSRV0212: Resuming server
2022-09-16 10:15:07,741 INFO  [org.jboss.as] (Controller Boot Thread) WFLYSRV0025: WildFly Full 26.1.2.Final (WildFly Core 18.1.2.Final) started in 1787ms - Started 401 of 603 services (342 services are lazy, passive or on-demand) - Server configuration file in use: standalone.xml
2022-09-16 10:15:07,742 INFO  [org.jboss.as] (Controller Boot Thread) WFLYSRV0060: Http management interface listening on http://127.0.0.1:9990/management
2022-09-16 10:15:07,742 INFO  [org.jboss.as] (Controller Boot Thread) WFLYSRV0051: Admin console listening on http://127.0.0.1:9990
2022-09-16 10:15:11,041 ERROR [io.undertow.request] (default task-1) UT005023: Exception handling request to /helloworld/: org.apache.jasper.JasperException: JBWEB004062: Unable to compile class for JSP: 

JBWEB004061: An error occurred at line: 14 in the generated java file
Only a type can be imported. io.takima.welcomepool.EmployeeService resolves to a package

Stacktrace:
	at io.undertow.jsp@2.0.11.Final//org.apache.jasper.compiler.DefaultErrorHandler.javacError(DefaultErrorHandler.java:95)
	at io.undertow.jsp@2.0.11.Final//org.apache.jasper.compiler.ErrorDispatcher.javacError(ErrorDispatcher.java:198)
	at io.undertow.jsp@2.0.11.Final//org.apache.jasper.compiler.JDTCompiler.generateClass(JDTCompiler.java:455)
	at io.undertow.jsp@2.0.11.Final//org.apache.jasper.compiler.Compiler.compile(Compiler.java:359)
	at io.undertow.jsp@2.0.11.Final//org.apache.jasper.compiler.Compiler.compile(Compiler.java:334)
	at io.undertow.jsp@2.0.11.Final//org.apache.jasper.compiler.Compiler.compile(Compiler.java:321)
	at io.undertow.jsp@2.0.11.Final//org.apache.jasper.JspCompilationContext.compile(JspCompilationContext.java:652)
	at io.undertow.jsp@2.0.11.Final//org.apache.jasper.servlet.JspServletWrapper.service(JspServletWrapper.java:358)
	at io.undertow.jsp@2.0.11.Final//org.apache.jasper.servlet.JspServlet.serviceJspFile(JspServlet.java:403)
	at io.undertow.jsp@2.0.11.Final//org.apache.jasper.servlet.JspServlet.service(JspServlet.java:347)
	at javax.servlet.api@2.0.0.Final//javax.servlet.http.HttpServlet.service(HttpServlet.java:590)
	at io.undertow.servlet@2.2.19.Final//io.undertow.servlet.handlers.ServletHandler.handleRequest(ServletHandler.java:74)
	at io.undertow.servlet@2.2.19.Final//io.undertow.servlet.handlers.security.ServletSecurityRoleHandler.handleRequest(ServletSecurityRoleHandler.java:62)
	at io.undertow.jsp@2.0.11.Final//io.undertow.jsp.JspFileHandler.handleRequest(JspFileHandler.java:32)
	at io.undertow.servlet@2.2.19.Final//io.undertow.servlet.handlers.ServletChain$1.handleRequest(ServletChain.java:68)
	at io.undertow.servlet@2.2.19.Final//io.undertow.servlet.handlers.ServletDispatchingHandler.handleRequest(ServletDispatchingHandler.java:36)
	at org.wildfly.security.elytron-web.undertow-server@1.10.1.Final//org.wildfly.elytron.web.undertow.server.ElytronRunAsHandler.lambda$handleRequest$1(ElytronRunAsHandler.java:68)
	at org.wildfly.security.elytron-base@1.19.1.Final//org.wildfly.security.auth.server.FlexibleIdentityAssociation.runAsFunctionEx(FlexibleIdentityAssociation.java:103)
	at org.wildfly.security.elytron-base@1.19.1.Final//org.wildfly.security.auth.server.Scoped.runAsFunctionEx(Scoped.java:161)
	at org.wildfly.security.elytron-base@1.19.1.Final//org.wildfly.security.auth.server.Scoped.runAs(Scoped.java:73)
	at org.wildfly.security.elytron-web.undertow-server@1.10.1.Final//org.wildfly.elytron.web.undertow.server.ElytronRunAsHandler.handleRequest(ElytronRunAsHandler.java:67)
	at io.undertow.servlet@2.2.19.Final//io.undertow.servlet.handlers.RedirectDirHandler.handleRequest(RedirectDirHandler.java:68)
	at io.undertow.servlet@2.2.19.Final//io.undertow.servlet.handlers.security.SSLInformationAssociationHandler.handleRequest(SSLInformationAssociationHandler.java:117)
	at io.undertow.servlet@2.2.19.Final//io.undertow.servlet.handlers.security.ServletAuthenticationCallHandler.handleRequest(ServletAuthenticationCallHandler.java:57)
	at io.undertow.core@2.2.19.Final//io.undertow.server.handlers.PredicateHandler.handleRequest(PredicateHandler.java:43)
	at io.undertow.core@2.2.19.Final//io.undertow.security.handlers.AbstractConfidentialityHandler.handleRequest(AbstractConfidentialityHandler.java:46)
	at io.undertow.servlet@2.2.19.Final//io.undertow.servlet.handlers.security.ServletConfidentialityConstraintHandler.handleRequest(ServletConfidentialityConstraintHandler.java:64)
	at io.undertow.core@2.2.19.Final//io.undertow.security.handlers.AbstractSecurityContextAssociationHandler.handleRequest(AbstractSecurityContextAssociationHandler.java:43)
	at org.wildfly.security.elytron-web.undertow-server-servlet@1.10.1.Final//org.wildfly.elytron.web.undertow.server.servlet.CleanUpHandler.handleRequest(CleanUpHandler.java:38)
	at io.undertow.core@2.2.19.Final//io.undertow.server.handlers.PredicateHandler.handleRequest(PredicateHandler.java:43)
	at org.wildfly.extension.undertow@26.1.2.Final//org.wildfly.extension.undertow.security.jacc.JACCContextIdHandler.handleRequest(JACCContextIdHandler.java:61)
	at io.undertow.core@2.2.19.Final//io.undertow.server.handlers.PredicateHandler.handleRequest(PredicateHandler.java:43)
	at org.wildfly.extension.undertow@26.1.2.Final//org.wildfly.extension.undertow.deployment.GlobalRequestControllerHandler.handleRequest(GlobalRequestControllerHandler.java:68)
	at io.undertow.servlet@2.2.19.Final//io.undertow.servlet.handlers.SendErrorPageHandler.handleRequest(SendErrorPageHandler.java:52)
	at io.undertow.core@2.2.19.Final//io.undertow.server.handlers.PredicateHandler.handleRequest(PredicateHandler.java:43)
	at io.undertow.servlet@2.2.19.Final//io.undertow.servlet.handlers.ServletInitialHandler.handleFirstRequest(ServletInitialHandler.java:275)
	at io.undertow.servlet@2.2.19.Final//io.undertow.servlet.handlers.ServletInitialHandler.access$100(ServletInitialHandler.java:79)
	at io.undertow.servlet@2.2.19.Final//io.undertow.servlet.handlers.ServletInitialHandler$2.call(ServletInitialHandler.java:134)
	at io.undertow.servlet@2.2.19.Final//io.undertow.servlet.handlers.ServletInitialHandler$2.call(ServletInitialHandler.java:131)
	at io.undertow.servlet@2.2.19.Final//io.undertow.servlet.core.ServletRequestContextThreadSetupAction$1.call(ServletRequestContextThreadSetupAction.java:48)
	at io.undertow.servlet@2.2.19.Final//io.undertow.servlet.core.ContextClassLoaderSetupAction$1.call(ContextClassLoaderSetupAction.java:43)
	at org.wildfly.extension.undertow@26.1.2.Final//org.wildfly.extension.undertow.deployment.UndertowDeploymentInfoService$UndertowThreadSetupAction.lambda$create$0(UndertowDeploymentInfoService.java:1544)
	at org.wildfly.extension.undertow@26.1.2.Final//org.wildfly.extension.undertow.deployment.UndertowDeploymentInfoService$UndertowThreadSetupAction.lambda$create$0(UndertowDeploymentInfoService.java:1544)
	at org.wildfly.extension.undertow@26.1.2.Final//org.wildfly.extension.undertow.deployment.UndertowDeploymentInfoService$UndertowThreadSetupAction.lambda$create$0(UndertowDeploymentInfoService.java:1544)
	at org.wildfly.extension.undertow@26.1.2.Final//org.wildfly.extension.undertow.deployment.UndertowDeploymentInfoService$UndertowThreadSetupAction.lambda$create$0(UndertowDeploymentInfoService.java:1544)
	at io.undertow.servlet@2.2.19.Final//io.undertow.servlet.handlers.ServletInitialHandler.dispatchRequest(ServletInitialHandler.java:255)
	at io.undertow.servlet@2.2.19.Final//io.undertow.servlet.handlers.ServletInitialHandler.access$000(ServletInitialHandler.java:79)
	at io.undertow.servlet@2.2.19.Final//io.undertow.servlet.handlers.ServletInitialHandler$1.handleRequest(ServletInitialHandler.java:100)
	at io.undertow.core@2.2.19.Final//io.undertow.server.Connectors.executeRootHandler(Connectors.java:387)
	at io.undertow.core@2.2.19.Final//io.undertow.server.HttpServerExchange$1.run(HttpServerExchange.java:852)
	at org.jboss.threads@2.4.0.Final//org.jboss.threads.ContextClassLoaderSavingRunnable.run(ContextClassLoaderSavingRunnable.java:35)
	at org.jboss.threads@2.4.0.Final//org.jboss.threads.EnhancedQueueExecutor.safeRun(EnhancedQueueExecutor.java:1990)
	at org.jboss.threads@2.4.0.Final//org.jboss.threads.EnhancedQueueExecutor$ThreadBody.doRunTask(EnhancedQueueExecutor.java:1486)
	at org.jboss.threads@2.4.0.Final//org.jboss.threads.EnhancedQueueExecutor$ThreadBody.run(EnhancedQueueExecutor.java:1348)
	at org.jboss.xnio@3.8.7.Final//org.xnio.XnioWorker$WorkerThreadFactory$1$1.run(XnioWorker.java:1282)
	at java.base/java.lang.Thread.run(Thread.java:833)

2022-09-16 10:16:02,386 INFO  [org.jboss.as.server] (Thread-1) WFLYSRV0272: Suspending server
2022-09-16 10:16:02,387 INFO  [org.jboss.as.ejb3] (Thread-1) WFLYEJB0493: Jakarta Enterprise Beans subsystem suspension complete
2022-09-16 10:16:02,389 INFO  [org.jboss.as.server] (Thread-1) WFLYSRV0220: Server shutdown has been requested via an OS signal
2022-09-16 10:16:02,395 INFO  [org.jboss.as.mail.extension] (MSC service thread 1-5) WFLYMAIL0002: Unbound mail session [java:jboss/mail/Default]
2022-09-16 10:16:02,395 INFO  [org.wildfly.extension.undertow] (ServerService Thread Pool -- 82) WFLYUT0022: Unregistered web context: '/helloworld' from server 'default-server'
2022-09-16 10:16:02,396 INFO  [org.wildfly.extension.undertow] (MSC service thread 1-5) WFLYUT0019: Host default-host stopping
2022-09-16 10:16:02,397 INFO  [org.jboss.as.connector.subsystems.datasources] (MSC service thread 1-1) WFLYJCA0010: Unbound data source [java:jboss/datasources/ExampleDS]
2022-09-16 10:16:02,397 INFO  [org.jboss.as.connector.deployers.jdbc] (MSC service thread 1-2) WFLYJCA0019: Stopped Driver service with driver-name = h2
2022-09-16 10:16:02,400 INFO  [org.jboss.as.clustering.infinispan] (ServerService Thread Pool -- 82) WFLYCLINF0003: Stopped http-remoting-connector cache from ejb container
2022-09-16 10:16:02,405 INFO  [org.wildfly.extension.undertow] (MSC service thread 1-7) WFLYUT0008: Undertow HTTPS listener https suspending
2022-09-16 10:16:02,405 INFO  [org.wildfly.extension.undertow] (MSC service thread 1-2) WFLYUT0008: Undertow HTTP listener default suspending
2022-09-16 10:16:02,405 INFO  [org.wildfly.extension.undertow] (MSC service thread 1-2) WFLYUT0007: Undertow HTTP listener default stopped, was bound to 127.0.0.1:8080
2022-09-16 10:16:02,405 INFO  [org.wildfly.extension.undertow] (MSC service thread 1-7) WFLYUT0007: Undertow HTTPS listener https stopped, was bound to 127.0.0.1:8443
2022-09-16 10:16:02,405 INFO  [org.wildfly.extension.undertow] (MSC service thread 1-5) WFLYUT0004: Undertow 2.2.19.Final stopping
2022-09-16 10:16:02,406 INFO  [org.jboss.as.server.deployment] (MSC service thread 1-4) WFLYSRV0028: Stopped deployment helloworld.war (runtime-name: helloworld.war) in 16ms
2022-09-16 10:16:02,410 INFO  [org.jboss.as] (MSC service thread 1-1) WFLYSRV0050: WildFly Full 26.1.2.Final (WildFly Core 18.1.2.Final) stopped in 17ms
2022-09-16 10:16:05,292 INFO  [org.jboss.modules] (main) JBoss Modules version 2.0.2.Final
2022-09-16 10:16:05,478 INFO  [org.jboss.msc] (main) JBoss MSC version 1.4.13.Final
2022-09-16 10:16:05,481 INFO  [org.jboss.threads] (main) JBoss Threads version 2.4.0.Final
2022-09-16 10:16:05,519 INFO  [org.jboss.as] (MSC service thread 1-2) WFLYSRV0049: WildFly Full 26.1.2.Final (WildFly Core 18.1.2.Final) starting
2022-09-16 10:16:05,519 DEBUG [org.jboss.as.config] (MSC service thread 1-2) Configured system properties:
	[Standalone] = 
	file.encoding = UTF-8
	file.separator = /
	java.awt.headless = true
	java.class.path = /home/takima/IdeaProjects/MOTM/wildfly-26.1.2.Final/jboss-modules.jar
	java.class.version = 62.0
	java.home = /usr/lib/jvm/java-18-openjdk-amd64
	java.io.tmpdir = /tmp
	java.library.path = /usr/java/packages/lib:/usr/lib/x86_64-linux-gnu/jni:/lib/x86_64-linux-gnu:/usr/lib/x86_64-linux-gnu:/usr/lib/jni:/lib:/usr/lib
	java.net.preferIPv4Stack = true
	java.runtime.name = OpenJDK Runtime Environment
	java.runtime.version = 18.0.2-ea+9-Ubuntu-222.04
	java.security.manager = allow
	java.specification.name = Java Platform API Specification
	java.specification.vendor = Oracle Corporation
	java.specification.version = 18
	java.util.logging.manager = org.jboss.logmanager.LogManager
	java.vendor = Private Build
	java.vendor.url = Unknown
	java.vendor.url.bug = Unknown
	java.version = 18.0.2-ea
	java.version.date = 2022-07-19
	java.vm.compressedOopsMode = 32-bit
	java.vm.info = mixed mode, sharing
	java.vm.name = OpenJDK 64-Bit Server VM
	java.vm.specification.name = Java Virtual Machine Specification
	java.vm.specification.vendor = Oracle Corporation
	java.vm.specification.version = 18
	java.vm.vendor = Private Build
	java.vm.version = 18.0.2-ea+9-Ubuntu-222.04
	javax.management.builder.initial = org.jboss.as.jmx.PluggableMBeanServerBuilder
	jboss.home.dir = /home/takima/IdeaProjects/MOTM/wildfly-26.1.2.Final
	jboss.host.name = laptop-3044
	jboss.modules.dir = /home/takima/IdeaProjects/MOTM/wildfly-26.1.2.Final/modules
	jboss.modules.system.pkgs = org.jboss.byteman
	jboss.node.name = laptop-3044
	jboss.qualified.host.name = laptop-3044
	jboss.server.base.dir = /home/takima/IdeaProjects/MOTM/wildfly-26.1.2.Final/standalone
	jboss.server.config.dir = /home/takima/IdeaProjects/MOTM/wildfly-26.1.2.Final/standalone/configuration
	jboss.server.data.dir = /home/takima/IdeaProjects/MOTM/wildfly-26.1.2.Final/standalone/data
	jboss.server.deploy.dir = /home/takima/IdeaProjects/MOTM/wildfly-26.1.2.Final/standalone/data/content
	jboss.server.log.dir = /home/takima/IdeaProjects/MOTM/wildfly-26.1.2.Final/standalone/log
	jboss.server.name = laptop-3044
	jboss.server.persist.config = true
	jboss.server.temp.dir = /home/takima/IdeaProjects/MOTM/wildfly-26.1.2.Final/standalone/tmp
	jdk.debug = release
	line.separator = 

	logging.configuration = file:/home/takima/IdeaProjects/MOTM/wildfly-26.1.2.Final/standalone/configuration/logging.properties
	module.path = /home/takima/IdeaProjects/MOTM/wildfly-26.1.2.Final/modules
	native.encoding = UTF-8
	org.jboss.boot.log.file = /home/takima/IdeaProjects/MOTM/wildfly-26.1.2.Final/standalone/log/server.log
	org.jboss.resolver.warning = true
	os.arch = amd64
	os.name = Linux
	os.version = 5.15.0-47-generic
	path.separator = :
	sun.arch.data.model = 64
	sun.boot.library.path = /usr/lib/jvm/java-18-openjdk-amd64/lib
	sun.cpu.endian = little
	sun.io.unicode.encoding = UnicodeLittle
	sun.java.command = /home/takima/IdeaProjects/MOTM/wildfly-26.1.2.Final/jboss-modules.jar -mp /home/takima/IdeaProjects/MOTM/wildfly-26.1.2.Final/modules org.jboss.as.standalone -Djboss.home.dir=/home/takima/IdeaProjects/MOTM/wildfly-26.1.2.Final -Djboss.server.base.dir=/home/takima/IdeaProjects/MOTM/wildfly-26.1.2.Final/standalone
	sun.java.launcher = SUN_STANDARD
	sun.jnu.encoding = UTF-8
	sun.management.compiler = HotSpot 64-Bit Tiered Compilers
	sun.stderr.encoding = UTF-8
	sun.stdout.encoding = UTF-8
	user.country = FR
	user.dir = /home/takima/IdeaProjects/MOTM
	user.home = /home/takima
	user.language = fr
	user.name = takima
	user.timezone = Europe/Paris
2022-09-16 10:16:05,520 DEBUG [org.jboss.as.config] (MSC service thread 1-2) VM Arguments: -D[Standalone] -Xms64m -Xmx512m -XX:MetaspaceSize=96M -XX:MaxMetaspaceSize=256m -Djava.net.preferIPv4Stack=true -Djboss.modules.system.pkgs=org.jboss.byteman -Djava.awt.headless=true --add-exports=java.desktop/sun.awt=ALL-UNNAMED --add-exports=java.naming/com.sun.jndi.ldap=ALL-UNNAMED --add-exports=java.naming/com.sun.jndi.url.ldap=ALL-UNNAMED --add-exports=java.naming/com.sun.jndi.url.ldaps=ALL-UNNAMED --add-opens=java.base/java.lang=ALL-UNNAMED --add-opens=java.base/java.lang.invoke=ALL-UNNAMED --add-opens=java.base/java.lang.reflect=ALL-UNNAMED --add-opens=java.base/java.io=ALL-UNNAMED --add-opens=java.base/java.security=ALL-UNNAMED --add-opens=java.base/java.util=ALL-UNNAMED --add-opens=java.base/java.util.concurrent=ALL-UNNAMED --add-opens=java.management/javax.management=ALL-UNNAMED --add-opens=java.naming/javax.naming=ALL-UNNAMED -Djava.security.manager=allow -Dorg.jboss.boot.log.file=/home/takima/IdeaProjects/MOTM/wildfly-26.1.2.Final/standalone/log/server.log -Dlogging.configuration=file:/home/takima/IdeaProjects/MOTM/wildfly-26.1.2.Final/standalone/configuration/logging.properties 
2022-09-16 10:16:05,791 INFO  [org.wildfly.security] (ServerService Thread Pool -- 16) ELY00001: WildFly Elytron version 1.19.1.Final
2022-09-16 10:16:06,036 INFO  [org.jboss.as.repository] (ServerService Thread Pool -- 37) WFLYDR0001: Content added at location /home/takima/IdeaProjects/MOTM/wildfly-26.1.2.Final/standalone/data/content/f0/42755f78655a8451f7b74509dd59a48a8a72db/content
2022-09-16 10:16:06,053 INFO  [org.jboss.as.server] (Controller Boot Thread) WFLYSRV0039: Creating http management service using socket-binding (management-http)
2022-09-16 10:16:06,060 INFO  [org.xnio] (MSC service thread 1-6) XNIO version 3.8.7.Final
2022-09-16 10:16:06,067 INFO  [org.xnio.nio] (MSC service thread 1-6) XNIO NIO Implementation Version 3.8.7.Final
2022-09-16 10:16:06,073 INFO  [org.jboss.as.jaxrs] (ServerService Thread Pool -- 56) WFLYRS0016: RESTEasy version 4.7.7.Final
2022-09-16 10:16:06,074 WARN  [org.jboss.as.txn] (ServerService Thread Pool -- 74) WFLYTX0013: The node-identifier attribute on the /subsystem=transactions is set to the default value. This is a danger for environments running multiple servers. Please make sure the attribute value is unique.
2022-09-16 10:16:06,075 INFO  [org.wildfly.extension.elytron.oidc._private] (ServerService Thread Pool -- 52) WFLYOIDC0001: Activating WildFly Elytron OIDC Subsystem
2022-09-16 10:16:06,075 INFO  [org.wildfly.extension.microprofile.config.smallrye] (ServerService Thread Pool -- 64) WFLYCONF0001: Activating MicroProfile Config Subsystem
2022-09-16 10:16:06,075 INFO  [org.wildfly.extension.health] (ServerService Thread Pool -- 53) WFLYHEALTH0001: Activating Base Health Subsystem
2022-09-16 10:16:06,075 INFO  [org.wildfly.extension.microprofile.jwt.smallrye] (ServerService Thread Pool -- 65) WFLYJWT0001: Activating MicroProfile JWT Subsystem
2022-09-16 10:16:06,075 INFO  [org.jboss.as.clustering.infinispan] (ServerService Thread Pool -- 54) WFLYCLINF0001: Activating Infinispan subsystem.
2022-09-16 10:16:06,077 INFO  [org.jboss.as.naming] (ServerService Thread Pool -- 67) WFLYNAM0001: Activating Naming Subsystem
2022-09-16 10:16:06,077 INFO  [org.wildfly.extension.io] (ServerService Thread Pool -- 55) WFLYIO001: Worker 'default' has auto-configured to 40 IO threads with 320 max task threads based on your 20 available processors
2022-09-16 10:16:06,078 INFO  [org.jboss.as.jsf] (ServerService Thread Pool -- 61) WFLYJSF0007: Activated the following Jakarta Server Faces Implementations: [main]
2022-09-16 10:16:06,078 INFO  [org.wildfly.extension.metrics] (ServerService Thread Pool -- 63) WFLYMETRICS0001: Activating Base Metrics Subsystem
2022-09-16 10:16:06,079 INFO  [org.jboss.as.webservices] (ServerService Thread Pool -- 76) WFLYWS0002: Activating WebServices Extension
2022-09-16 10:16:06,081 INFO  [org.wildfly.extension.microprofile.opentracing] (ServerService Thread Pool -- 66) WFLYTRACEXT0001: Activating MicroProfile OpenTracing Subsystem
2022-09-16 10:16:06,083 INFO  [org.jboss.as.connector] (MSC service thread 1-1) WFLYJCA0009: Starting Jakarta Connectors Subsystem (WildFly/IronJacamar 1.5.3.Final)
2022-09-16 10:16:06,100 INFO  [org.jboss.as.connector.subsystems.datasources] (ServerService Thread Pool -- 44) WFLYJCA0004: Deploying JDBC-compliant driver class org.h2.Driver (version 1.4)
2022-09-16 10:16:06,102 INFO  [org.jboss.as.connector.deployers.jdbc] (MSC service thread 1-1) WFLYJCA0018: Started Driver service with driver-name = h2
2022-09-16 10:16:06,103 INFO  [org.wildfly.extension.undertow] (MSC service thread 1-4) WFLYUT0003: Undertow 2.2.19.Final starting
2022-09-16 10:16:06,106 INFO  [org.jboss.as.mail.extension] (MSC service thread 1-4) WFLYMAIL0001: Bound mail session [java:jboss/mail/Default]
2022-09-16 10:16:06,106 INFO  [org.jboss.as.naming] (MSC service thread 1-2) WFLYNAM0003: Starting Naming Service
2022-09-16 10:16:06,125 INFO  [org.jboss.remoting] (MSC service thread 1-6) JBoss Remoting version 5.0.25.Final
2022-09-16 10:16:06,129 WARN  [org.wildfly.extension.elytron] (MSC service thread 1-1) WFLYELY00023: KeyStore file '/home/takima/IdeaProjects/MOTM/wildfly-26.1.2.Final/standalone/configuration/application.keystore' does not exist. Used blank.
2022-09-16 10:16:06,152 WARN  [org.wildfly.extension.elytron] (MSC service thread 1-8) WFLYELY01084: KeyStore /home/takima/IdeaProjects/MOTM/wildfly-26.1.2.Final/standalone/configuration/application.keystore not found, it will be auto generated on first use with a self-signed certificate for host localhost
2022-09-16 10:16:06,160 INFO  [org.wildfly.extension.undertow] (ServerService Thread Pool -- 75) WFLYUT0014: Creating file handler for path '/home/takima/IdeaProjects/MOTM/wildfly-26.1.2.Final/welcome-content' with options [directory-listing: 'false', follow-symlink: 'false', case-sensitive: 'true', safe-symlink-paths: '[]']
2022-09-16 10:16:06,164 INFO  [org.wildfly.extension.undertow] (MSC service thread 1-3) WFLYUT0012: Started server default-server.
2022-09-16 10:16:06,167 INFO  [org.wildfly.extension.undertow] (MSC service thread 1-3) Queuing requests.
2022-09-16 10:16:06,168 INFO  [org.jboss.as.ejb3] (MSC service thread 1-8) WFLYEJB0482: Strict pool mdb-strict-max-pool is using a max instance size of 80 (per class), which is derived from the number of CPUs on this host.
2022-09-16 10:16:06,168 INFO  [org.jboss.as.ejb3] (MSC service thread 1-4) WFLYEJB0481: Strict pool slsb-strict-max-pool is using a max instance size of 320 (per class), which is derived from thread worker pool sizing.
2022-09-16 10:16:06,168 INFO  [org.wildfly.extension.undertow] (MSC service thread 1-3) WFLYUT0018: Host default-host starting
2022-09-16 10:16:06,170 INFO  [org.wildfly.extension.undertow] (ServerService Thread Pool -- 75) WFLYUT0014: Creating file handler for path 'src/main/webapp/resources' with options [directory-listing: 'true', follow-symlink: 'false', case-sensitive: 'true', safe-symlink-paths: '[]']
2022-09-16 10:16:06,185 INFO  [org.wildfly.extension.undertow] (MSC service thread 1-1) WFLYUT0006: Undertow HTTP listener default listening on 127.0.0.1:8080
2022-09-16 10:16:06,221 INFO  [org.jboss.as.ejb3] (MSC service thread 1-4) WFLYEJB0493: Jakarta Enterprise Beans subsystem suspension complete
2022-09-16 10:16:06,221 INFO  [org.wildfly.extension.undertow] (MSC service thread 1-8) WFLYUT0006: Undertow HTTPS listener https listening on 127.0.0.1:8443
2022-09-16 10:16:06,247 INFO  [org.jboss.as.connector.subsystems.datasources] (MSC service thread 1-2) WFLYJCA0001: Bound data source [java:jboss/datasources/ExampleDS]
2022-09-16 10:16:06,297 INFO  [org.jboss.as.patching] (MSC service thread 1-8) WFLYPAT0050: WildFly Full cumulative patch ID is: base, one-off patches include: none
2022-09-16 10:16:06,298 INFO  [org.jboss.as.server.deployment.scanner] (MSC service thread 1-8) WFLYDS0013: Started FileSystemDeploymentService for directory /home/takima/IdeaProjects/MOTM/wildfly-26.1.2.Final/standalone/deployments
2022-09-16 10:16:06,301 INFO  [org.jboss.as.server.deployment] (MSC service thread 1-2) WFLYSRV0027: Starting deployment of "helloworld.war" (runtime-name: "helloworld.war")
2022-09-16 10:16:06,315 INFO  [org.jboss.ws.common.management] (MSC service thread 1-1) JBWS022052: Starting JBossWS 5.5.0.Final (Apache CXF 3.4.7) 
2022-09-16 10:16:06,709 INFO  [org.infinispan.CONTAINER] (ServerService Thread Pool -- 78) ISPN000128: Infinispan version: Infinispan 'Triskaidekaphobia' 13.0.10.Final
2022-09-16 10:16:06,742 INFO  [org.infinispan.CONTAINER] (ServerService Thread Pool -- 78) ISPN000556: Starting user marshaller 'org.wildfly.clustering.infinispan.spi.marshalling.InfinispanProtoStreamMarshaller'
2022-09-16 10:16:06,864 INFO  [org.infinispan.CONFIG] (MSC service thread 1-2) ISPN000152: Passivation configured without an eviction policy being selected. Only manually evicted entities will be passivated.
2022-09-16 10:16:06,864 INFO  [org.infinispan.CONFIG] (MSC service thread 1-2) ISPN000152: Passivation configured without an eviction policy being selected. Only manually evicted entities will be passivated.
2022-09-16 10:16:06,868 INFO  [org.infinispan.CONTAINER] (ServerService Thread Pool -- 78) ISPN000025: wakeUpInterval is <= 0, not starting expired purge thread
2022-09-16 10:16:06,870 INFO  [org.jboss.as.clustering.infinispan] (ServerService Thread Pool -- 78) WFLYCLINF0002: Started http-remoting-connector cache from ejb container
2022-09-16 10:16:06,901 INFO  [org.wildfly.extension.undertow] (ServerService Thread Pool -- 81) WFLYUT0021: Registered web context: '/helloworld' for server 'default-server'
2022-09-16 10:16:06,929 INFO  [org.jboss.as.server] (ServerService Thread Pool -- 45) WFLYSRV0010: Deployed "helloworld.war" (runtime-name : "helloworld.war")
2022-09-16 10:16:06,952 INFO  [org.jboss.as.server] (Controller Boot Thread) WFLYSRV0212: Resuming server
2022-09-16 10:16:06,953 INFO  [org.jboss.as] (Controller Boot Thread) WFLYSRV0025: WildFly Full 26.1.2.Final (WildFly Core 18.1.2.Final) started in 1796ms - Started 409 of 611 services (342 services are lazy, passive or on-demand) - Server configuration file in use: standalone.xml
2022-09-16 10:16:06,954 INFO  [org.jboss.as] (Controller Boot Thread) WFLYSRV0060: Http management interface listening on http://127.0.0.1:9990/management
2022-09-16 10:16:06,954 INFO  [org.jboss.as] (Controller Boot Thread) WFLYSRV0051: Admin console listening on http://127.0.0.1:9990
